Running PRESSURE experiment in ADDITIVE mode...
Starting intensive Differential Evolution search...
Dimensions: 8 | Population: 20 | Generations: 12
Workers (per evaluation): up to 16
differential_evolution step 1: f(x)= -0.628209
differential_evolution step 2: f(x)= -0.636697
differential_evolution step 3: f(x)= -0.636697
differential_evolution step 4: f(x)= -0.664189
differential_evolution step 5: f(x)= -0.664189
differential_evolution step 6: f(x)= -0.664189
differential_evolution step 7: f(x)= -0.664189
differential_evolution step 8: f(x)= -0.691846
differential_evolution step 9: f(x)= -0.691846
differential_evolution step 10: f(x)= -0.691846
differential_evolution step 11: f(x)= -0.691846
differential_evolution step 12: f(x)= -0.691846
Polishing solution with 'L-BFGS-B'

=== Best coefficients found ===
  term_rank_deviation           : -0.5070
  term_rank_abs                 : +0.1703
  term_closure_defect           : -0.7817
  term_balance                  : -0.6608
  term_rho_rank_interaction     : -2.1469
  term_rho_closure_interaction  : +0.0949
  term_biv_magnitude            : -1.7663
  term_rank_biv_interaction     : +1.4434
Best loss: -0.6918
Saved best coefficients to phase6_best_coefficients.json
