Running PRESSURE experiment in MODULATION mode...
Starting intensive Differential Evolution search...
Dimensions: 8 | Population: 20 | Generations: 12
Workers (per evaluation): up to 16
differential_evolution step 1: f(x)= -0.662852
differential_evolution step 2: f(x)= -0.662852
differential_evolution step 3: f(x)= -0.662852
differential_evolution step 4: f(x)= -0.662852
differential_evolution step 5: f(x)= -0.662852
differential_evolution step 6: f(x)= -0.662852
differential_evolution step 7: f(x)= -0.667164
differential_evolution step 8: f(x)= -0.667164
differential_evolution step 9: f(x)= -0.667164
differential_evolution step 10: f(x)= -0.667164
differential_evolution step 11: f(x)= -0.667164
differential_evolution step 12: f(x)= -0.667164
Polishing solution with 'L-BFGS-B'

=== Best coefficients found ===
  term_rank_deviation           : -0.9973
  term_rank_abs                 : -1.3027
  term_closure_defect           : -1.3247
  term_balance                  : +0.2566
  term_rho_rank_interaction     : -2.2702
  term_rho_closure_interaction  : +2.1236
  term_biv_magnitude            : +1.2088
  term_rank_biv_interaction     : +0.8294
Best loss: -0.6672
Saved best coefficients to phase6_best_coefficients.json
