==============================================================================
1. ACTION-QUANTUM TABLE (v66/results/scan.tsv)
   h_eff = E/omega (the ball's effective hbar);  ratio = E/(omega*Q)
   [thm] E - omega*Q = int f'^2 dV  =>  ratio = 1 + G/(omega*Q) > 1
==============================================================================
  omega          Q          E  h_eff=E/w   E/(wQ)   E/(mQ)   branch
 1.3150   203356.5   269284.9   204779.4   1.0070   0.8828   STABLE
 1.3200   138312.2   183415.4   138951.1   1.0046   0.8841   STABLE
 1.3250    48764.3    65029.4    49078.8   1.0064   0.8890   STABLE
 1.3300    22206.6    29785.6    22395.2   1.0085   0.8942   STABLE
 1.3350    11984.7    16168.5    12111.2   1.0106   0.8994   STABLE
 1.3400     7222.2     9800.0     7313.4   1.0126   0.9046   STABLE
 1.3450     4702.6     6418.1     4771.8   1.0147   0.9099   STABLE
 1.3500     3242.8     4451.3     3297.3   1.0168   0.9151   STABLE
 1.3550     2337.4     3226.8     2381.4   1.0188   0.9203   STABLE
 1.3600     1745.0     2422.9     1781.5   1.0209   0.9257   STABLE
 1.3650     1340.7     1872.1     1371.5   1.0230   0.9309   STABLE
 1.3700     1055.0     1481.3     1081.2   1.0249   0.9361   STABLE
 1.3750      847.0     1195.9      869.7   1.0269   0.9413   STABLE
 1.3800      691.9      982.3      711.8   1.0288   0.9465   STABLE
 1.3850      573.8      819.0      591.3   1.0306   0.9516   STABLE
 1.3900      482.2      691.9      497.8   1.0323   0.9566   STABLE
 1.3950      410.0      591.4      423.9   1.0340   0.9616   STABLE
 1.4000      352.3      510.7      364.8   1.0354   0.9664   STABLE
 1.4050      305.6      445.3      316.9   1.0371   0.9714   STABLE
 1.4100      267.4      391.5      277.7   1.0384   0.9761   STABLE
 1.4150      235.9      347.0      245.2   1.0395   0.9806   STABLE
 1.4200      209.6      309.7      218.1   1.0405   0.9851   STABLE
 1.4250      187.5      278.3      195.3   1.0416   0.9895   STABLE
 1.4300      168.8      251.7      176.0   1.0427   0.9941   STABLE
 1.4350      153.0      229.0      159.6   1.0430   0.9978   STABLE
 1.4400      139.5      209.5      145.5   1.0429   1.0012    evap>
 1.4450      127.9      192.9      133.5   1.0437   1.0055    evap>
 1.4500      118.0      178.6      123.2   1.0438   1.0090    evap>
 1.4550      109.6      166.4      114.4   1.0435   1.0122    evap>
 1.4600      102.5      156.0      106.8   1.0424   1.0146    evap>
 1.4650       96.6      147.4      100.6   1.0416   1.0173    evap>
 1.4700       91.9      140.5       95.6   1.0400   1.0192    evap>
 1.4750       88.5      135.5       91.9   1.0380   1.0207    evap>
 1.4800       86.7      132.8       89.7   1.0349   1.0211    evap>
 1.4850       87.3      133.6       90.0   1.0305   1.0202    thick
 1.4900       92.3      141.2       94.8   1.0267   1.0199    thick
 1.4950      111.3      169.5      113.4   1.0187   1.0153    thick

stable branch (dQ/dw<0 AND E<mQ): omega in [1.3150,1.4350]
E/(omega*Q) range on stable branch: [1.0046, 1.0430]  (deviation from 1: 0.46% .. 4.30%)
PASS P1_E_eq_wQ_to_5pct_on_stable_branch  range [1.0046,1.0430]
PASS P1b_E_eq_wQ_to_5pct_whole_scan  max 1.0438

==============================================================================
2. PROFILE VERIFICATION of E - omega*Q = int f'^2 dV  [thm -> verified]
==============================================================================
   (omega <= 1.320 thin-wall edge rows excluded from the assert: shooting
    at the long-double bisection floor, v66/THEORY.md SS4 footnote)
  omega      E_prof     wQ_prof      E-wQ G=int fp^2   rel.err E vs scan
 1.3150    269284.4    267413.8   1870.54    1000.16  8.70e-01  1.94e-06  (edge)
 1.3200    183415.3    182572.1    843.24     816.85  3.23e-02  4.17e-07  (edge)
 1.3250     65029.4     64612.7    416.68     416.69  2.95e-05  6.23e-08
 1.3300     29785.6     29534.7    250.86     250.87  2.93e-05  2.03e-07
 1.3350     16168.5     15999.6    168.91     168.91  2.91e-05  1.86e-06
 1.3400      9800.0      9677.8    122.25     122.25  2.88e-05  2.16e-06
 1.3450      6418.0      6325.0     93.05      93.05  2.86e-05  8.18e-06
 1.3500      4451.3      4377.8     73.49      73.50  2.82e-05  2.63e-06
 1.3550      3226.8      3167.1     59.71      59.72  2.79e-05  1.05e-05
 1.3600      2422.9      2373.3     49.61      49.61  2.75e-05  1.23e-05
 1.3650      1872.1      1830.1     41.95      41.96  2.71e-05  2.58e-05
 1.3700      1481.3      1445.3     36.00      36.01  2.66e-05  8.60e-06
 1.3750      1195.9      1164.6     31.28      31.28  2.62e-05  1.62e-07
 1.3800       982.3       954.8     27.45      27.45  2.57e-05  9.30e-06
 1.3850       819.0       794.7     24.30      24.30  2.52e-05  1.01e-05
 1.3900       691.9       670.2     21.67      21.67  2.46e-05  4.01e-06
 1.3950       591.4       571.9     19.44      19.44  2.41e-05  4.44e-05
 1.4000       510.7       493.2     17.54      17.54  2.35e-05  8.78e-05
 1.4050       445.3       429.4     15.90      15.90  2.29e-05  6.33e-05
 1.4100       391.5       377.0     14.47      14.47  2.23e-05  4.87e-05
 1.4150       347.0       333.7     13.22      13.22  2.16e-05  1.26e-04
 1.4200       309.7       297.6     12.11      12.11  2.09e-05  2.32e-05
 1.4250       278.3       267.2     11.11      11.12  2.02e-05  1.15e-05
 1.4300       251.7       241.4     10.23      10.23  1.95e-05  1.08e-04
 1.4350       229.0       219.6      9.42       9.42  1.88e-05  1.07e-04
 1.4400       209.5       200.9      8.69       8.69  1.79e-05  2.29e-04
 1.4450       192.9       184.9      8.02       8.02  1.71e-05  1.00e-04
 1.4500       178.6       171.2      7.41       7.41  1.62e-05  1.09e-04
 1.4550       166.4       159.5      6.84       6.84  1.52e-05  2.89e-04
 1.4600       156.0       149.7      6.31       6.31  1.42e-05  8.30e-05
 1.4650       147.4       141.6      5.81       5.81  1.31e-05  2.20e-04
 1.4700       140.5       135.1      5.34       5.34  1.19e-05  1.23e-04
 1.4750       135.5       130.6      4.89       4.89  1.07e-05  1.34e-04
 1.4800       132.8       128.4      4.46       4.46  9.21e-06  9.11e-05
 1.4850       133.6       129.6      4.02       4.02  7.58e-06  9.12e-05
 1.4900       141.2       137.6      3.58       3.58  5.67e-06  2.99e-04
 1.4950       169.5       166.5      3.08       3.08  3.41e-06  2.63e-04
PASS P2_identity_E_minus_wQ_eq_G_profiles  worst rel.err 2.95e-05 over 35 profiles (edge rows excluded: worst 8.70e-01)

reference ball omega=1.39: E0=691.9, Q=482.2, h_eff=E/w=497.8, E/(wQ)=1.0323
de Broglie: k_dB = (w/E0) p = p/h_eff = p/(Q*1.0323)
PASS P2b_heff_eq_Q_within_4pct_at_139  h_eff/Q = 1.0323

==============================================================================
3. CLOCK-GRADIENT FORCE  a = -c^2 d(dw/w)/dx   [thm kinematics, estimate dw(e)]
==============================================================================
  e0= 0.0:  a = -6.849e-05 code units (toward LOW e_bath)
  e0= 0.1:  a = -6.481e-05 code units (toward LOW e_bath)
  e0= 0.2:  a = -6.112e-05 code units (toward LOW e_bath)
  V51 (FUTURE.md F25): +6 units in T=400 => a_V51 ~ 2x/T^2 = 7.50e-05; avg v = 0.015/t.u.
  ratio a_pred/a_V51 = 0.91  (same order; DIFFERENT backgrounds)
PASS P3_same_order_as_V51  ratio 0.91

==============================================================================
4. ORBIT QUANTIZATION (Bohr-Sommerfeld phase closure)  [estimate]
   closure: D*v_rel = 2n/omega; centripetal F_req = 2M/(w^2 D^3), M=E0=692
   tail force scale: F_tail ~ mu_t*U0*exp(-mu_t(D-12))*(12/D), mu_t = sqrt(m^2-w^2)
==============================================================================
  tail decay mu_t = 0.5638;  U0 = |U(D=12)| in [0.2, 2] code units (tb2 ejection energetics, crude)
   D v_rel(n=1) F_req(n=1)  F_tail lo  F_tail hi    T_orb
   8      0.180      1.399      1.613     16.134      279
  10      0.144      0.716      0.418      4.179      437
  12      0.120      0.415      0.113      1.128      629
  14      0.103      0.261      0.031      0.313      856
  16      0.090      0.175      0.009      0.089     1118
  20      0.072      0.090      0.001      0.007     1747

  n=1 orbit radius crosses the tail-force band inside D in [8,20]: True
PASS P4_n1_orbit_in_accessible_range

ALL NUMERIC CHECKS PASS
