=== V35 Trapped Theta Wave Packet ===
Equations:
  d^2 phi_a/dt^2 = lap(phi_a) - m^2 phi_a - V'(phi) + eta*curl(theta)_a
  d^2 theta_a/dt^2 = lap(theta_a) - m_t^2 theta_a + eta*curl(phi)_a

  V(P) = (mu/2) P^2/(1+kap P^2),  P = phi_0 phi_1 phi_2
  NO theta self-interaction (trapping by phi-braid only)

phi:   mu=-41.345  kap=50.0  m^2=2.2500
theta: m_t^2=1.0000
eta=0.500  bg=0.10
theta packet: A=0.0500 sigma=2.00 at (3.0, 0.0)
N=80 L=25 T=200 braids=1 D=20

Allocating 0.07 GB (9216000 doubles, N=80, 6 fields)
dx=0.6329 dt=0.06329 (factor=1.00) threads=4

Initializing theta wave packet: A=0.0500 sigma=2.00 at (3.0, 0.0)
  k_z = pi/L = 0.1257, omega = 1.0079
Steps=3160 diag_every=15

t=    0.0 E=8.3156e+03 (drift +0.000%) theta_rms=2.475e-03 pkt=(3.0,0.0) r=3.00 E_pkt=2.71e+00 spread=2.00 [0% 0s]
t=   19.0 E=8.3067e+03 (drift -0.107%) theta_rms=2.324e-02 pkt=(-0.2,0.4) r=0.42 E_pkt=1.39e+02 spread=8.69 [9% 39s]
t=   38.0 E=8.3056e+03 (drift -0.121%) theta_rms=2.180e-02 pkt=(0.1,-0.1) r=0.17 E_pkt=1.28e+02 spread=12.69 [19% 79s]
t=   57.0 E=8.3054e+03 (drift -0.123%) theta_rms=2.768e-02 pkt=(-0.1,0.2) r=0.24 E_pkt=1.32e+02 spread=17.83 [28% 117s]
t=   75.9 E=8.3005e+03 (drift -0.182%) theta_rms=2.670e-02 pkt=(0.6,0.3) r=0.65 E_pkt=1.24e+02 spread=16.33 [38% 146s]
t=   94.9 E=8.2961e+03 (drift -0.235%) theta_rms=3.195e-02 pkt=(0.4,-0.6) r=0.71 E_pkt=1.37e+02 spread=17.84 [47% 173s]
t=  113.9 E=8.2915e+03 (drift -0.290%) theta_rms=3.306e-02 pkt=(0.3,-0.5) r=0.61 E_pkt=1.22e+02 spread=17.59 [57% 194s]
t=  132.9 E=8.2891e+03 (drift -0.319%) theta_rms=3.699e-02 pkt=(0.1,-0.1) r=0.11 E_pkt=1.55e+02 spread=18.89 [66% 213s]
t=  151.9 E=8.2830e+03 (drift -0.392%) theta_rms=3.884e-02 pkt=(0.1,-0.0) r=0.07 E_pkt=1.76e+02 spread=18.19 [76% 226s]
t=  170.9 E=8.2823e+03 (drift -0.401%) theta_rms=4.079e-02 pkt=(0.0,0.3) r=0.26 E_pkt=1.25e+02 spread=18.85 [85% 233s]
t=  189.9 E=8.2770e+03 (drift -0.465%) theta_rms=4.181e-02 pkt=(0.3,-0.0) r=0.26 E_pkt=1.04e+02 spread=20.28 [95% 240s]

=== Complete: 243s (4.1 min) ===
Output: data/trapped/r03_mt10/timeseries.tsv
        data/trapped/r03_mt10/theta_track.tsv
