=== V35 Trapped Theta Wave Packet ===
Equations:
  d^2 phi_a/dt^2 = lap(phi_a) - m^2 phi_a - V'(phi) + eta*curl(theta)_a
  d^2 theta_a/dt^2 = lap(theta_a) - m_t^2 theta_a + eta*curl(phi)_a

  V(P) = (mu/2) P^2/(1+kap P^2),  P = phi_0 phi_1 phi_2
  NO theta self-interaction (trapping by phi-braid only)

phi:   mu=-41.345  kap=50.0  m^2=2.2500
theta: m_t^2=0.0000
eta=0.500  bg=0.10
theta packet: A=0.0500 sigma=2.00 at (5.0, 0.0)
N=80 L=25 T=200 braids=1 D=20

Allocating 0.07 GB (9216000 doubles, N=80, 6 fields)
dx=0.6329 dt=0.06329 (factor=1.00) threads=4

Initializing theta wave packet: A=0.0500 sigma=2.00 at (5.0, 0.0)
  k_z = pi/L = 0.1257, omega = 0.1257
Steps=3160 diag_every=15

t=    0.0 E=8.3136e+03 (drift +0.000%) theta_rms=2.475e-03 pkt=(5.0,-0.0) r=5.00 E_pkt=3.21e-01 spread=2.00 [0% 0s]
t=   19.0 E=8.3052e+03 (drift -0.102%) theta_rms=2.550e-02 pkt=(-0.5,0.7) r=0.87 E_pkt=3.46e+01 spread=17.91 [9% 9s]
t=   38.0 E=8.2961e+03 (drift -0.211%) theta_rms=3.149e-02 pkt=(0.9,-1.0) r=1.34 E_pkt=3.17e+01 spread=20.59 [19% 20s]
t=   57.0 E=8.2901e+03 (drift -0.283%) theta_rms=2.326e-02 pkt=(0.5,-0.2) r=0.59 E_pkt=2.75e+01 spread=19.91 [28% 36s]
t=   75.9 E=8.2837e+03 (drift -0.361%) theta_rms=2.630e-02 pkt=(0.2,0.1) r=0.23 E_pkt=4.10e+01 spread=19.21 [38% 55s]
t=   94.9 E=8.2764e+03 (drift -0.448%) theta_rms=3.252e-02 pkt=(0.0,-0.0) r=0.01 E_pkt=3.95e+01 spread=20.08 [47% 81s]
t=  113.9 E=8.2757e+03 (drift -0.457%) theta_rms=2.999e-02 pkt=(0.1,-0.1) r=0.15 E_pkt=2.80e+01 spread=20.19 [57% 112s]
t=  132.9 E=8.2682e+03 (drift -0.547%) theta_rms=2.676e-02 pkt=(-0.0,-0.1) r=0.09 E_pkt=3.96e+01 spread=19.66 [66% 145s]
t=  151.9 E=8.2656e+03 (drift -0.578%) theta_rms=3.419e-02 pkt=(-0.1,0.3) r=0.27 E_pkt=5.11e+01 spread=20.00 [76% 180s]
t=  170.9 E=8.2628e+03 (drift -0.612%) theta_rms=3.517e-02 pkt=(0.4,-0.0) r=0.40 E_pkt=4.67e+01 spread=20.08 [85% 221s]
t=  189.9 E=8.2606e+03 (drift -0.638%) theta_rms=2.918e-02 pkt=(0.1,-0.2) r=0.26 E_pkt=4.88e+01 spread=20.22 [95% 259s]

=== Complete: 280s (4.7 min) ===
Output: data/trapped/r05/timeseries.tsv
        data/trapped/r05/theta_track.tsv
