=== V35 Trapped Theta Wave Packet ===
Equations:
  d^2 phi_a/dt^2 = lap(phi_a) - m^2 phi_a - V'(phi) + eta*curl(theta)_a
  d^2 theta_a/dt^2 = lap(theta_a) - m_t^2 theta_a + eta*curl(phi)_a

  V(P) = (mu/2) P^2/(1+kap P^2),  P = phi_0 phi_1 phi_2
  NO theta self-interaction (trapping by phi-braid only)

phi:   mu=-41.345  kap=50.0  m^2=2.2500
theta: m_t^2=0.0999
eta=0.500  bg=0.10
theta packet: A=0.0500 sigma=2.00 at (8.0, 0.0)
N=80 L=25 T=200 braids=1 D=20

Allocating 0.07 GB (9216000 doubles, N=80, 6 fields)
dx=0.6329 dt=0.06329 (factor=1.00) threads=4

Initializing theta wave packet: A=0.0500 sigma=2.00 at (8.0, 0.0)
  k_z = pi/L = 0.1257, omega = 0.3401
Steps=3160 diag_every=15

t=    0.0 E=8.3138e+03 (drift +0.000%) theta_rms=2.475e-03 pkt=(8.0,-0.0) r=8.00 E_pkt=5.59e-01 spread=2.00 [0% 0s]
t=   19.0 E=8.3052e+03 (drift -0.103%) theta_rms=1.477e-02 pkt=(-0.2,0.2) r=0.29 E_pkt=3.89e+01 spread=11.93 [9% 30s]
t=   38.0 E=8.2962e+03 (drift -0.212%) theta_rms=1.808e-02 pkt=(0.2,-0.7) r=0.71 E_pkt=3.62e+01 spread=17.82 [19% 62s]
t=   57.0 E=8.2897e+03 (drift -0.289%) theta_rms=2.243e-02 pkt=(0.3,0.1) r=0.32 E_pkt=3.61e+01 spread=18.76 [28% 96s]
t=   75.9 E=8.2837e+03 (drift -0.361%) theta_rms=2.311e-02 pkt=(0.2,-0.2) r=0.26 E_pkt=3.39e+01 spread=19.44 [38% 137s]
t=   94.9 E=8.2814e+03 (drift -0.389%) theta_rms=2.456e-02 pkt=(0.1,0.1) r=0.20 E_pkt=3.96e+01 spread=20.28 [47% 177s]
t=  113.9 E=8.2778e+03 (drift -0.432%) theta_rms=2.626e-02 pkt=(0.2,-0.2) r=0.28 E_pkt=3.77e+01 spread=19.51 [57% 215s]
t=  132.9 E=8.2714e+03 (drift -0.510%) theta_rms=2.691e-02 pkt=(-0.1,0.2) r=0.18 E_pkt=4.40e+01 spread=19.89 [66% 245s]
t=  151.9 E=8.2696e+03 (drift -0.532%) theta_rms=2.705e-02 pkt=(0.1,-0.0) r=0.14 E_pkt=4.89e+01 spread=19.05 [76% 272s]
t=  170.9 E=8.2668e+03 (drift -0.565%) theta_rms=2.925e-02 pkt=(0.3,0.1) r=0.35 E_pkt=4.94e+01 spread=19.98 [85% 294s]
t=  189.9 E=8.2609e+03 (drift -0.636%) theta_rms=3.026e-02 pkt=(0.4,-0.6) r=0.75 E_pkt=5.64e+01 spread=20.57 [95% 312s]

=== Complete: 322s (5.4 min) ===
Output: data/trapped/r08_mt01/timeseries.tsv
        data/trapped/r08_mt01/theta_track.tsv
