=== V35 Trapped Theta Wave Packet ===
Equations:
  d^2 phi_a/dt^2 = lap(phi_a) - m^2 phi_a - V'(phi) + eta*curl(theta)_a
  d^2 theta_a/dt^2 = lap(theta_a) - m_t^2 theta_a + eta*curl(phi)_a

  V(P) = (mu/2) P^2/(1+kap P^2),  P = phi_0 phi_1 phi_2
  NO theta self-interaction (trapping by phi-braid only)

phi:   mu=-41.345  kap=50.0  m^2=2.2500
theta: m_t^2=0.0000
eta=0.500  bg=0.10
theta packet: A=0.0500 sigma=2.00 at (16.0, 0.0)
N=80 L=25 T=200 braids=1 D=20

Allocating 0.07 GB (9216000 doubles, N=80, 6 fields)
dx=0.6329 dt=0.06329 (factor=1.00) threads=4

Initializing theta wave packet: A=0.0500 sigma=2.00 at (16.0, 0.0)
  k_z = pi/L = 0.1257, omega = 0.1257
Steps=3160 diag_every=15

t=    0.0 E=8.3130e+03 (drift +0.000%) theta_rms=2.475e-03 pkt=(16.0,0.0) r=16.00 E_pkt=3.21e-01 spread=2.00 [0% 0s]
t=   19.0 E=8.3046e+03 (drift -0.102%) theta_rms=2.561e-02 pkt=(-0.6,0.5) r=0.76 E_pkt=3.50e+01 spread=17.86 [9% 19s]
t=   38.0 E=8.2955e+03 (drift -0.210%) theta_rms=3.140e-02 pkt=(0.9,-0.9) r=1.28 E_pkt=3.18e+01 spread=20.53 [19% 37s]
t=   57.0 E=8.2896e+03 (drift -0.282%) theta_rms=2.326e-02 pkt=(0.5,-0.2) r=0.51 E_pkt=2.74e+01 spread=19.87 [28% 66s]
t=   75.9 E=8.2832e+03 (drift -0.359%) theta_rms=2.635e-02 pkt=(0.2,-0.0) r=0.16 E_pkt=4.04e+01 spread=19.14 [38% 98s]
t=   94.9 E=8.2761e+03 (drift -0.445%) theta_rms=3.253e-02 pkt=(-0.1,0.1) r=0.08 E_pkt=3.98e+01 spread=20.09 [47% 132s]
t=  113.9 E=8.2753e+03 (drift -0.454%) theta_rms=2.997e-02 pkt=(0.0,-0.1) r=0.10 E_pkt=2.76e+01 spread=20.17 [57% 170s]
t=  132.9 E=8.2679e+03 (drift -0.543%) theta_rms=2.669e-02 pkt=(0.0,-0.2) r=0.20 E_pkt=4.02e+01 spread=19.66 [66% 210s]
t=  151.9 E=8.2653e+03 (drift -0.574%) theta_rms=3.423e-02 pkt=(-0.1,0.3) r=0.33 E_pkt=5.21e+01 spread=20.05 [76% 248s]
t=  170.9 E=8.2625e+03 (drift -0.609%) theta_rms=3.512e-02 pkt=(0.3,0.0) r=0.30 E_pkt=4.48e+01 spread=20.14 [85% 279s]
t=  189.9 E=8.2603e+03 (drift -0.635%) theta_rms=2.912e-02 pkt=(0.2,-0.3) r=0.40 E_pkt=4.75e+01 spread=20.24 [95% 306s]

=== Complete: 320s (5.3 min) ===
Output: data/trapped/r16/timeseries.tsv
        data/trapped/r16/theta_track.tsv
