=== V35 Trapped Theta Wave Packet ===
Equations:
  d^2 phi_a/dt^2 = lap(phi_a) - m^2 phi_a - V'(phi) + eta*curl(theta)_a
  d^2 theta_a/dt^2 = lap(theta_a) - m_t^2 theta_a + eta*curl(phi)_a

  V(P) = (mu/2) P^2/(1+kap P^2),  P = phi_0 phi_1 phi_2
  NO theta self-interaction (trapping by phi-braid only)

phi:   mu=-41.345  kap=50.0  m^2=2.2500
theta: m_t^2=0.0000
eta=0.500  bg=0.10
theta packet: A=0.0500 sigma=2.00 at (20.0, 0.0)
N=80 L=25 T=200 braids=1 D=20

Allocating 0.07 GB (9216000 doubles, N=80, 6 fields)
dx=0.6329 dt=0.06329 (factor=1.00) threads=4

Initializing theta wave packet: A=0.0500 sigma=2.00 at (20.0, 0.0)
  k_z = pi/L = 0.1257, omega = 0.1257
Steps=3160 diag_every=15

t=    0.0 E=8.3130e+03 (drift +0.000%) theta_rms=2.475e-03 pkt=(20.0,0.0) r=20.00 E_pkt=3.21e-01 spread=2.00 [0% 0s]
t=   19.0 E=8.3046e+03 (drift -0.102%) theta_rms=2.559e-02 pkt=(-0.6,0.4) r=0.73 E_pkt=3.50e+01 spread=17.89 [9% 19s]
t=   38.0 E=8.2955e+03 (drift -0.210%) theta_rms=3.141e-02 pkt=(0.9,-0.9) r=1.28 E_pkt=3.18e+01 spread=20.54 [19% 37s]
t=   57.0 E=8.2896e+03 (drift -0.282%) theta_rms=2.329e-02 pkt=(0.5,-0.2) r=0.52 E_pkt=2.75e+01 spread=19.86 [28% 67s]
t=   75.9 E=8.2832e+03 (drift -0.359%) theta_rms=2.635e-02 pkt=(0.2,-0.1) r=0.22 E_pkt=4.06e+01 spread=19.13 [38% 99s]
t=   94.9 E=8.2761e+03 (drift -0.445%) theta_rms=3.253e-02 pkt=(-0.0,0.0) r=0.02 E_pkt=3.90e+01 spread=20.09 [47% 132s]
t=  113.9 E=8.2753e+03 (drift -0.454%) theta_rms=2.996e-02 pkt=(0.0,-0.1) r=0.07 E_pkt=2.74e+01 spread=20.16 [57% 172s]
t=  132.9 E=8.2679e+03 (drift -0.543%) theta_rms=2.669e-02 pkt=(0.0,-0.2) r=0.18 E_pkt=4.00e+01 spread=19.65 [66% 211s]
t=  151.9 E=8.2653e+03 (drift -0.574%) theta_rms=3.423e-02 pkt=(-0.1,0.3) r=0.33 E_pkt=5.22e+01 spread=20.05 [76% 250s]
t=  170.9 E=8.2625e+03 (drift -0.608%) theta_rms=3.513e-02 pkt=(0.3,0.0) r=0.28 E_pkt=4.48e+01 spread=20.12 [85% 280s]
t=  189.9 E=8.2603e+03 (drift -0.635%) theta_rms=2.910e-02 pkt=(0.2,-0.4) r=0.44 E_pkt=4.77e+01 spread=20.25 [95% 306s]

=== Complete: 320s (5.3 min) ===
Output: data/trapped/r20/timeseries.tsv
        data/trapped/r20/theta_track.tsv
