=== V37 Crossed Braid v2: chirality=UUD ===
Equations: 6-field Cosserat (3 phi + 3 theta)
m^2=2.2500, m_theta^2=0.0000, eta=0.500, mu=-41.345, kappa=50.0, A_bg=0.10
A_strand=0.500, permute=0
N=128 L=15 T=200
Allocating 0.30 GB (37748736 doubles, N=128, 6 fields)
dx=0.2362 dt=0.02362 threads=8

  Init: crossed v2 (chirality=UUD, 3 axes, permute=0)
  R_helix=1.0, r_tube=2.0, sigma=3.0, A_strand=0.50
  kw=0.2094 omega=1.5146
  delta_U = {0, 3.0005, 4.4325}
  delta_D = {0, -3.0005, -4.4325}
  Braid velocities: ZERO (stationary start)
  Background: per-axis directional
  Absorbing boundary: width=3.0 rate=0.020
SFA: data/crossed_v2_UUD.sfa

Initial inertia eigenvalues: 77254.8  76853.5  74625.3  (aspect=1.04)
Initial |P| integrated: 6.9718e+02
Initial z-winding: 0.0000
Initial connection ratio: 0.0010

Steps=8466 diag_every=211 snap_every=423 (snap_dt=10.0)

  *** FRAGMENTATION DETECTED at t=0.0 (conn_ratio=0.0010, clusters=1) ***
t=    0.0 E=3.767e+03 (drift +0.000%) Ep=-125.0 Ep_avg=125.0 P_int=6.972e+02 trms=0.000e+00 asp=1.04 wind=0.000 conn=0.001 clust=1 [0% 0s]

SFA closed: data/crossed_v2_UUD.sfa (22 frames)

--- Spherical Shell Energy Profile (final state) ---
  r=[0.0, 0.8]: E_shell=1.3651e-03
  r=[0.8, 1.5]: E_shell=1.2909e-02
  r=[1.5, 2.2]: E_shell=4.9912e-02
  r=[2.2, 3.0]: E_shell=1.3598e-01
  r=[3.0, 3.8]: E_shell=2.7929e-01
  r=[3.8, 4.5]: E_shell=5.2515e-01
  r=[4.5, 5.2]: E_shell=8.4683e-01
  r=[5.2, 6.0]: E_shell=1.3359e+00
  r=[6.0, 6.8]: E_shell=1.9178e+00
  r=[6.8, 7.5]: E_shell=2.8120e+00
  r=[7.5, 8.2]: E_shell=4.0984e+00
  r=[8.2, 9.0]: E_shell=5.7323e+00
  r=[9.0, 9.8]: E_shell=7.4221e+00
  r=[9.8, 10.5]: E_shell=8.7784e+00
  r=[10.5, 11.2]: E_shell=9.7731e+00
  r=[11.2, 12.0]: E_shell=1.0003e+01
  r=[12.0, 12.8]: E_shell=9.6429e+00
  r=[12.8, 13.5]: E_shell=8.1746e+00
  r=[13.5, 14.2]: E_shell=6.3137e+00
  r=[14.2, 15.0]: E_shell=4.1414e+00

=== FINAL SUMMARY: crossed v2 chirality=UUD ===
E_total=3.6451e+02 (drift -90.324%)
E_pot=-1.6553e+01 (13.2% of initial)
|P| integrated=1.6336e+01 (2.3% of initial)
theta_rms=5.9969e-03
z_winding=-0.0000
Aspect ratio=3.210 (eigenvalues: 18734.6 18285.9 5836.4)
Connection ratio=0.8554  Clusters=2  Fragmented=YES
Survival: YES (instantaneous)
Survival (avg): YES (Ep_avg=4.924e+01 vs Ep0=-1.250e+02)

=== Complete: 966s (16.1 min) ===
