=== V37 Crossed Braid v2: chirality=UUD ===
Equations: 6-field Cosserat (3 phi + 3 theta)
m^2=2.2500, m_theta^2=0.0000, eta=0.500, mu=-41.345, kappa=50.0, A_bg=0.10
A_strand=0.700, permute=0
N=128 L=15 T=200
Allocating 0.30 GB (37748736 doubles, N=128, 6 fields)
dx=0.2362 dt=0.02362 threads=8

  Init: crossed v2 (chirality=UUD, 3 axes, permute=0)
  R_helix=1.0, r_tube=2.0, sigma=3.0, A_strand=0.70
  kw=0.2094 omega=1.5146
  delta_U = {0, 3.0005, 4.4325}
  delta_D = {0, -3.0005, -4.4325}
  Braid velocities: ZERO (stationary start)
  Background: per-axis directional
  Absorbing boundary: width=3.0 rate=0.020
SFA: data/crossed_v2_UUD_A07.sfa

Initial inertia eigenvalues: 88711.0  88127.9  86031.7  (aspect=1.03)
Initial |P| integrated: 1.8300e+03
Initial z-winding: 0.0000
Initial connection ratio: 0.0009

Steps=8466 diag_every=211 snap_every=423 (snap_dt=10.0)

  *** FRAGMENTATION DETECTED at t=0.0 (conn_ratio=0.0009, clusters=1) ***
t=    0.0 E=6.405e+03 (drift +0.000%) Ep=-169.3 Ep_avg=169.3 P_int=1.830e+03 trms=0.000e+00 asp=1.03 wind=0.000 conn=0.001 clust=1 [0% 0s]

SFA closed: data/crossed_v2_UUD_A07.sfa (22 frames)

--- Spherical Shell Energy Profile (final state) ---
  r=[0.0, 0.8]: E_shell=6.9287e-03
  r=[0.8, 1.5]: E_shell=5.0478e-02
  r=[1.5, 2.2]: E_shell=1.4992e-01
  r=[2.2, 3.0]: E_shell=3.4290e-01
  r=[3.0, 3.8]: E_shell=6.2801e-01
  r=[3.8, 4.5]: E_shell=1.0787e+00
  r=[4.5, 5.2]: E_shell=1.6091e+00
  r=[5.2, 6.0]: E_shell=2.3508e+00
  r=[6.0, 6.8]: E_shell=3.0986e+00
  r=[6.8, 7.5]: E_shell=4.0245e+00
  r=[7.5, 8.2]: E_shell=4.8968e+00
  r=[8.2, 9.0]: E_shell=5.6504e+00
  r=[9.0, 9.8]: E_shell=6.2946e+00
  r=[9.8, 10.5]: E_shell=6.6566e+00
  r=[10.5, 11.2]: E_shell=6.7671e+00
  r=[11.2, 12.0]: E_shell=6.5036e+00
  r=[12.0, 12.8]: E_shell=6.0248e+00
  r=[12.8, 13.5]: E_shell=5.1184e+00
  r=[13.5, 14.2]: E_shell=4.1786e+00
  r=[14.2, 15.0]: E_shell=3.1794e+00

=== FINAL SUMMARY: crossed v2 chirality=UUD ===
E_total=3.1249e+02 (drift -95.121%)
E_pot=-2.7711e-02 (0.0% of initial)
|P| integrated=1.9315e+00 (0.1% of initial)
theta_rms=2.6621e-03
z_winding=0.0000
Aspect ratio=1.313 (eigenvalues: 13160.4 11492.7 10023.9)
Connection ratio=0.1887  Clusters=1  Fragmented=YES
Survival: NO (instantaneous)
Survival (avg): YES (Ep_avg=5.520e+01 vs Ep0=-1.693e+02)

=== Complete: 1379s (23.0 min) ===
