=== V37 Knot: geom=trefoil_L ===
Equations: 6-field Cosserat (3 phi + 3 theta)
m^2=2.2500, m_theta^2=0.0000, eta=0.500, mu=-41.345, kappa=50.0, A_bg=0.10
N=128 L=25 T=300
Trefoil (left-handed): R_major=3.0 r_minor=1.5
Knot curve: L_curve=47.847, crossings=3
  bbox: x=[-3.55, 4.50] y=[-4.24, 4.24] z=[-1.50, 1.50]
Allocating 0.30 GB (37748736 doubles, N=128, 6 fields)
dx=0.3937 dt=0.03937 threads=8

  Init: knot tube (geom=trefoil_L)
  tube_r=2.0, A=0.80, n_osc=3
  k_knot=0.3940 (L_curve=47.847)
  delta = {0.0000, 3.0005, 4.4325}
  Background: per-axis directional, A_bg=0.10
  Absorbing boundary: width=4.0 rate=0.0050
SFA: data/trefoil_L.sfa (f32 columns)

Initial inertia eigenvalues: 830623.8  826672.6  797497.5  (aspect=1.04)
Initial |P| integrated: 7.5591e+01

Steps=7619 diag_every=126 snap_every=126 (snap_dt=5.0)

t=    0.0 E=5.120e+03 (drift +0.000%) Ep=-45.5 Ep_avg=45.5 P_int=7.559e+01 trms=0.000e+00 asp=1.04 clust=1 [0% 0s]
t=  248.0 E=1.282e+03 (drift -74.959%) Ep=-0.0 Ep_avg=5.0 P_int=3.294e+00 trms=3.134e-03 asp=1.27 clust=0 [83% 493s]

SFA closed: data/trefoil_L.sfa (62 frames)

--- Spherical Shell Energy Profile (final state) ---
  r=[0.0, 1.2]: E_shell=1.1765e-02
  r=[1.2, 2.5]: E_shell=9.9438e-02
  r=[2.5, 3.8]: E_shell=3.5520e-01
  r=[3.8, 5.0]: E_shell=9.6473e-01
  r=[5.0, 6.2]: E_shell=2.0021e+00
  r=[6.2, 7.5]: E_shell=3.7273e+00
  r=[7.5, 8.8]: E_shell=5.8012e+00
  r=[8.8, 10.0]: E_shell=8.5994e+00
  r=[10.0, 11.2]: E_shell=1.1344e+01
  r=[11.2, 12.5]: E_shell=1.4657e+01
  r=[12.5, 13.8]: E_shell=1.7666e+01
  r=[13.8, 15.0]: E_shell=2.0151e+01
  r=[15.0, 16.2]: E_shell=2.2064e+01
  r=[16.2, 17.5]: E_shell=2.2715e+01
  r=[17.5, 18.8]: E_shell=2.2271e+01
  r=[18.8, 20.0]: E_shell=2.0578e+01
  r=[20.0, 21.2]: E_shell=1.8318e+01
  r=[21.2, 22.5]: E_shell=1.5149e+01
  r=[22.5, 23.8]: E_shell=1.2317e+01
  r=[23.8, 25.0]: E_shell=9.7037e+00

=== FINAL SUMMARY: knot geom=trefoil_L ===
E_total=1.1134e+03 (drift -78.253%)
E_pot=-5.0165e-03 (0.0% of initial)
|P| integrated=2.1642e+00 (2.9% of initial)
theta_rms=2.1944e-03
Aspect ratio=1.290 (eigenvalues: 110586.7 99919.3 85715.2)
Clusters=0  Fragmented=NO
Survival: NO (instantaneous)
Survival (avg): NO (Ep_avg=4.184e+00 vs Ep0=-4.553e+01)

=== Complete: 596s (9.9 min) ===
