=== V37 Knot: geom=trefoil_R ===
Equations: 6-field Cosserat (3 phi + 3 theta)
m^2=2.2500, m_theta^2=0.0000, eta=0.500, mu=-41.345, kappa=50.0, A_bg=0.10
N=128 L=25 T=300
Trefoil (right-handed): R_major=3.0 r_minor=1.5
Knot curve: L_curve=47.847, crossings=3
  bbox: x=[-3.55, 4.50] y=[-4.24, 4.24] z=[-1.50, 1.50]
Allocating 0.30 GB (37748736 doubles, N=128, 6 fields)
dx=0.3937 dt=0.03937 threads=8

  Init: knot tube (geom=trefoil_R)
  tube_r=2.0, A=0.80, n_osc=3
  k_knot=0.3940 (L_curve=47.847)
  delta = {0.0000, 3.0005, 4.4325}
  Background: per-axis directional, A_bg=0.10
  Absorbing boundary: width=4.0 rate=0.0050
SFA: data/trefoil_R.sfa (f32 columns)

Initial inertia eigenvalues: 830623.8  826672.6  797497.5  (aspect=1.04)
Initial |P| integrated: 7.5591e+01

Steps=7619 diag_every=126 snap_every=126 (snap_dt=5.0)

t=    0.0 E=5.120e+03 (drift +0.000%) Ep=-45.5 Ep_avg=45.5 P_int=7.559e+01 trms=0.000e+00 asp=1.04 clust=1 [0% 0s]
t=  248.0 E=1.290e+03 (drift -74.808%) Ep=-0.0 Ep_avg=2.1 P_int=2.397e+00 trms=2.932e-03 asp=1.29 clust=0 [83% 537s]

SFA closed: data/trefoil_R.sfa (62 frames)

--- Spherical Shell Energy Profile (final state) ---
  r=[0.0, 1.2]: E_shell=5.4983e-03
  r=[1.2, 2.5]: E_shell=5.8436e-02
  r=[2.5, 3.8]: E_shell=2.5282e-01
  r=[3.8, 5.0]: E_shell=7.6001e-01
  r=[5.0, 6.2]: E_shell=1.6632e+00
  r=[6.2, 7.5]: E_shell=3.2095e+00
  r=[7.5, 8.8]: E_shell=5.1283e+00
  r=[8.8, 10.0]: E_shell=7.7862e+00
  r=[10.0, 11.2]: E_shell=1.0491e+01
  r=[11.2, 12.5]: E_shell=1.3766e+01
  r=[12.5, 13.8]: E_shell=1.6767e+01
  r=[13.8, 15.0]: E_shell=1.9213e+01
  r=[15.0, 16.2]: E_shell=2.1063e+01
  r=[16.2, 17.5]: E_shell=2.1732e+01
  r=[17.5, 18.8]: E_shell=2.1465e+01
  r=[18.8, 20.0]: E_shell=2.0087e+01
  r=[20.0, 21.2]: E_shell=1.8194e+01
  r=[21.2, 22.5]: E_shell=1.5343e+01
  r=[22.5, 23.8]: E_shell=1.2704e+01
  r=[23.8, 25.0]: E_shell=1.0140e+01

=== FINAL SUMMARY: knot geom=trefoil_R ===
E_total=1.1254e+03 (drift -78.018%)
E_pot=-2.9187e-03 (0.0% of initial)
|P| integrated=1.6225e+00 (2.1% of initial)
theta_rms=2.0834e-03
Aspect ratio=1.245 (eigenvalues: 104057.0 96887.8 83578.9)
Clusters=0  Fragmented=NO
Survival: NO (instantaneous)
Survival (avg): NO (Ep_avg=1.762e+00 vs Ep0=-4.553e+01)

=== Complete: 650s (10.8 min) ===
