=== V32 Binding-Weighted Gradient Coupling ===
acc = вҲҮВІПҶ + w(P)Г—(вҲҮПҒ/ПҒ)В·вҲҮПҶ - mВІПҶ - V'(ПҶ)
w(P) = 1/(1+|P|/P_thresh): coreвүҲ0.22, surfaceвүҲ0.5, fabricвүҲ1.0
N=128 L=40 T=200 alpha=0.10 braids=5 D=20

dx=0.6299 dt=0.07559
  Braid 0 at (10.0, 0.0)
  Braid 1 at (3.1, 9.5)
  Braid 2 at (-8.1, 5.9)
  Braid 3 at (-8.1, -5.9)
  Braid 4 at (3.1, -9.5)
P_max=5.305814, P_THRESH=0.530581 (10% of peak)

--- grad_alpha = 0.1 ---
t=    0.0 E=2.72e+05 fc=0.145 D=12.0 |вҲҮПҒ|=6.07e+00 w_core=0.633
t=   16.6 E=2.87e+05 fc=0.133 D=10.5 |вҲҮПҒ|=2.53e+00 w_core=0.693
t=   33.3 E=3.33e+05 fc=0.113 D=9.4 |вҲҮПҒ|=3.65e+00 w_core=0.796
t=   49.9 E=2.54e+05 fc=0.049 D=4.6 |вҲҮПҒ|=5.26e+00 w_core=0.840
t=   66.5 E=2.22e+05 fc=0.013 D=14.6 |вҲҮПҒ|=6.49e+00 w_core=0.961
t=   83.1 E=2.22e+05 fc=0.016 D=12.1 |вҲҮПҒ|=3.47e+00 w_core=0.917
t=   99.8 E=2.54e+05 fc=0.015 D=27.4 |вҲҮПҒ|=3.94e+00 w_core=0.934
t=  116.4 E=3.20e+05 fc=0.017 D=38.8 |вҲҮПҒ|=4.30e+00 w_core=0.962
t=  133.0 E=3.38e+05 fc=0.026 D=44.8 |вҲҮПҒ|=4.97e+00 w_core=0.958
t=  149.7 E=3.14e+05 fc=0.030 D=51.5 |вҲҮПҒ|=5.44e+00 w_core=0.928
t=  166.3 E=2.92e+05 fc=0.030 D=44.6 |вҲҮПҒ|=4.83e+00 w_core=0.934
t=  182.9 E=2.75e+05 fc=0.027 D=33.4 |вҲҮПҒ|=6.15e+00 w_core=0.893
t=  199.6 E=2.84e+05 fc=0.026 D=31.7 |вҲҮПҒ|=5.55e+00 w_core=0.909
  RESULT: D: 12.02 вҶ’ 35.56 (О”D=+23.54) E: 271760 вҶ’ 300488 STABLE

=== SUMMARY ===
alpha  D_init  D_final  deltaD   Verdict
0.1    12.0    35.6    +23.5     REPULSION

=== Complete ===
