=== V32 Binding-Weighted Gradient Coupling ===
acc = вҲҮВІПҶ + w(P)Г—(вҲҮПҒ/ПҒ)В·вҲҮПҶ - mВІПҶ - V'(ПҶ)
w(P) = 1/(1+|P|/P_thresh): coreвүҲ0.22, surfaceвүҲ0.5, fabricвүҲ1.0
N=128 L=20 T=200 alpha=0.10 braids=2 D=8

dx=0.3150 dt=0.03780
  Braid 0 at (-4.0, 0.0)
  Braid 1 at (4.0, 0.0)
P_max=0.704413, P_THRESH=0.070441 (10% of peak)

--- grad_alpha = 0.1 ---
t=    0.0 E=9.40e+03 fc=0.526 D=7.2 |вҲҮПҒ|=1.65e+00 w_core=0.585
t=   16.6 E=9.36e+03 fc=0.550 D=7.1 |вҲҮПҒ|=1.83e+00 w_core=0.522
t=   33.3 E=8.98e+03 fc=0.553 D=5.1 |вҲҮПҒ|=7.35e+00 w_core=0.519
t=   49.9 E=8.73e+03 fc=0.467 D=4.2 |вҲҮПҒ|=3.07e+00 w_core=0.498
t=   66.5 E=9.19e+03 fc=0.367 D=3.8 |вҲҮПҒ|=1.59e+00 w_core=0.612
t=   83.1 E=1.09e+04 fc=0.232 D=4.9 |вҲҮПҒ|=4.66e+00 w_core=0.801
t=   99.8 E=1.18e+04 fc=0.339 D=8.4 |вҲҮПҒ|=2.39e+00 w_core=0.670
t=  116.4 E=7.60e+03 fc=0.364 D=8.9 |вҲҮПҒ|=1.85e+00 w_core=0.559
t=  133.0 E=8.25e+03 fc=0.406 D=10.6 |вҲҮПҒ|=2.25e+00 w_core=0.613
t=  149.7 E=7.75e+03 fc=0.469 D=12.0 |вҲҮПҒ|=2.13e+00 w_core=0.470
t=  166.3 E=9.65e+03 fc=0.427 D=12.8 |вҲҮПҒ|=1.67e+00 w_core=0.505
t=  182.9 E=1.12e+04 fc=0.434 D=12.6 |вҲҮПҒ|=3.79e+00 w_core=0.642
t=  199.6 E=1.06e+04 fc=0.464 D=12.3 |вҲҮПҒ|=5.42e+00 w_core=0.582
  RESULT: D: 7.17 вҶ’ 11.99 (О”D=+4.82) E: 9395 вҶ’ 10314 STABLE

=== SUMMARY ===
alpha  D_init  D_final  deltaD   Verdict
0.1    7.2    12.0    +4.8     REPULSION

=== Complete ===
