threshold A* = (2 kappa)^(-1/6) = 0.464159   (kappa A*^6 = 1/2)
     A  kap*A^6     w_c   rho_Q     e_0    M_sym  M_anti
 0.300   0.0364  1.3922  0.3759  0.5509  -1.1154  0.6235
 0.350   0.0919  1.3152  0.4833  0.6965  -1.5559  1.0408
 0.400   0.2048  1.2332  0.5919  0.8347  -1.4293  1.4584
 0.464   0.5003  1.1820  0.7641  1.0410   0.0012  1.7058
 0.500   0.7812  1.1982  0.8986  1.2008   1.0288  1.6289
 0.585   2.0040  1.3090  1.3439  1.7588   2.1492  1.0732

Unstable cases (phi-only analytic):
     A  k_edge   k_max  sig_max  lambda (2L/lam)^3  1/sig t_frag~3/sig     Q_box  Q/frag
 0.300  1.0561  0.7194   0.2003   8.733      187.7   4.99         15.0     46987     250
 0.350  1.2473  0.8309   0.2958   7.562      289.1   3.38         10.1     60415     209
 0.400  1.1955  0.7942   0.2898   7.912      252.4   3.45         10.4     73993     293
 0.440  0.8197  0.5622   0.1412  11.177       89.5   7.08         21.2     86380     965
 0.450  0.6371  0.4423   0.0856  14.207       43.6  11.68         35.0     89962    2064
 0.500   linearly STABLE (M_sym = +1.0288 > 0)
 0.585   linearly STABLE (M_sym = +2.1492 > 0)

Full 48x48 (all 12 fields, corotating frame), max growth over k per direction:
     A   eta | z: (k*, sigma*) | 111: (k*, sigma*) | 1m10: (k*, sigma*)
 0.400  0.00 | z: (0.7942, 0.28975) | 111: (0.7942, 0.28975) | 1m10: (0.7942, 0.28975)
 0.400  0.50 | z: (0.7063, 0.27111) | 111: (0.7942, 0.28975) | 1m10: (0.6742, 0.26507)
 0.500  0.00 | z: (0.0001, 0.00000) | 111: (0.0001, 0.00000) | 1m10: (0.0001, 0.00000)
 0.500  0.50 | z: (0.8021, 0.06257) | 111: (0.8021, 0.06257) | 1m10: (0.8021, 0.06257)
 0.585  0.00 | z: (0.0001, 0.00000) | 111: (0.0001, 0.00000) | 1m10: (0.0001, 0.00000)
 0.585  0.50 | z: (0.8713, 0.05841) | 111: (0.9176, 0.04147) | 1m10: (0.8663, 0.06710)

cross-check A=0.40 eta=0: analytic sigma(k_max)=0.289751, 48x48=0.289751, diff=5.55e-17
