n_samples=20000  n_tracked=200  dt_sample=0.02  T=400.0

Global |v| statistics over time (bin averages):
          t_window      <|v|>     <|v|²>     max|v|
  [  0.0, 20.0]    0.147863 2.831641e-02     0.8319
  [ 20.0, 60.0]    0.069251 6.169218e-03     0.6664
  [ 60.0,120.0]    0.043643 2.315832e-03     0.2207
  [120.0,200.0]    0.030537 1.132531e-03     0.1952
  [200.0,400.0]    0.020680 5.235119e-04     0.2535

Dumping v54/vmag_traces.tsv (10 sample particles, raw |v|(t))

FFT per time window (dominant frequency population):

  early (0-25%)  (L=5000 samples, T=100.0, df=0.01000)
    <|v|²> over window  : 9.156759e-03
    median f_dom        : 0.01000  omega=0.0628
    mean   f_dom        : 0.01515  std=0.01892
    range              : [0.01000, 0.15000]
    f=[0.000,0.025) n=184 ##################################################
    f=[0.025,0.050) n=  5 #
    f=[0.050,0.075) n=  6 #
    f=[0.075,0.100) n=  2 
    f=[0.100,0.125) n=  1 
    f=[0.125,0.150) n=  2 

  mid   (25-50%)  (L=5000 samples, T=100.0, df=0.01000)
    <|v|²> over window  : 1.269736e-03
    median f_dom        : 0.05000  omega=0.3142
    mean   f_dom        : 0.05940  std=0.04707
    range              : [0.01000, 0.27000]
    f=[0.000,0.025) n= 63 ##################################################
    f=[0.025,0.050) n= 31 ########################
    f=[0.050,0.075) n= 47 #####################################
    f=[0.075,0.100) n= 12 #########
    f=[0.100,0.125) n= 22 #################
    f=[0.125,0.150) n= 19 ###############
    f=[0.150,0.175) n=  3 ##
    f=[0.175,0.200) n=  2 #
    f=[0.250,0.275) n=  1 

  late  (50-100%)  (L=10000 samples, T=200.0, df=0.00500)
    <|v|²> over window  : 5.235119e-04
    median f_dom        : 0.02500  omega=0.1571
    mean   f_dom        : 0.03838  std=0.03828
    range              : [0.00500, 0.19500]
    f=[0.000,0.025) n= 92 ##################################################
    f=[0.025,0.050) n= 46 #########################
    f=[0.050,0.075) n= 29 ###############
    f=[0.075,0.100) n= 17 #########
    f=[0.100,0.125) n=  9 ####
    f=[0.125,0.150) n=  4 ##
    f=[0.175,0.200) n=  3 #

Wrote ./vmag_traces.tsv and ./psd_by_window.tsv
Wrote ./freq_windowed.png
