v54 local v4: N=14613 spacing=0.660 r_touch=1.20 dt=0.0020
trajectory: traj.bin  tracked=200  stride=10 steps  (20000 samples expected)
t=   0.00 KE=0.0122 KEr=0.0000 rms=7.75 nn=24.4 chiral=-0.0026
t=   1.00 KE=0.0081 KEr=0.0099 rms=7.76 nn=22.3 chiral=0.0064
t=   2.00 KE=0.0106 KEr=0.0227 rms=7.79 nn=21.9 chiral=0.0362
t=   3.00 KE=0.0172 KEr=0.0334 rms=7.82 nn=21.7 chiral=0.0594
t=   4.00 KE=0.0222 KEr=0.0450 rms=7.87 nn=21.2 chiral=0.0849
t=   5.00 KE=0.0261 KEr=0.0524 rms=7.93 nn=20.5 chiral=0.1110
t=   6.00 KE=0.0261 KEr=0.0519 rms=7.99 nn=20.3 chiral=0.1122
t=   7.00 KE=0.0245 KEr=0.0475 rms=8.05 nn=19.7 chiral=0.1077
t=   8.00 KE=0.0215 KEr=0.0365 rms=8.11 nn=19.7 chiral=0.1115
t=   9.00 KE=0.0188 KEr=0.0278 rms=8.16 nn=19.4 chiral=0.1247
t=  10.00 KE=0.0163 KEr=0.0202 rms=8.20 nn=19.4 chiral=0.1384
t=  11.00 KE=0.0141 KEr=0.0155 rms=8.24 nn=19.5 chiral=0.1460
t=  12.00 KE=0.0126 KEr=0.0134 rms=8.27 nn=19.5 chiral=0.1484
t=  13.00 KE=0.0114 KEr=0.0112 rms=8.29 nn=19.6 chiral=0.1556
t=  14.00 KE=0.0103 KEr=0.0101 rms=8.31 nn=20.1 chiral=0.1618
t=  15.00 KE=0.0093 KEr=0.0096 rms=8.32 nn=20.3 chiral=0.1678
t=  16.00 KE=0.0087 KEr=0.0086 rms=8.33 nn=20.5 chiral=0.1806
t=  17.00 KE=0.0081 KEr=0.0080 rms=8.34 nn=20.3 chiral=0.1863
t=  18.00 KE=0.0076 KEr=0.0073 rms=8.35 nn=20.2 chiral=0.1948
t=  19.00 KE=0.0070 KEr=0.0065 rms=8.36 nn=20.0 chiral=0.1948
t=  20.00 KE=0.0065 KEr=0.0059 rms=8.36 nn=19.7 chiral=0.1975
t=  21.00 KE=0.0060 KEr=0.0053 rms=8.36 nn=20.0 chiral=0.2064
t=  22.00 KE=0.0057 KEr=0.0047 rms=8.37 nn=20.2 chiral=0.2070
t=  23.00 KE=0.0054 KEr=0.0044 rms=8.37 nn=20.7 chiral=0.2098
t=  24.00 KE=0.0050 KEr=0.0039 rms=8.37 nn=20.6 chiral=0.2118
t=  25.00 KE=0.0047 KEr=0.0036 rms=8.36 nn=20.6 chiral=0.2028
t=  26.00 KE=0.0045 KEr=0.0034 rms=8.36 nn=20.9 chiral=0.2141
t=  27.00 KE=0.0042 KEr=0.0032 rms=8.35 nn=20.9 chiral=0.2240
t=  28.00 KE=0.0040 KEr=0.0030 rms=8.35 nn=21.0 chiral=0.2251
t=  29.00 KE=0.0040 KEr=0.0026 rms=8.34 nn=21.4 chiral=0.2264
t=  30.00 KE=0.0037 KEr=0.0024 rms=8.33 nn=21.3 chiral=0.2234
t=  31.00 KE=0.0035 KEr=0.0023 rms=8.33 nn=21.4 chiral=0.2230
t=  32.00 KE=0.0034 KEr=0.0024 rms=8.32 nn=21.1 chiral=0.2305
t=  33.00 KE=0.0033 KEr=0.0020 rms=8.31 nn=21.4 chiral=0.2337
t=  34.00 KE=0.0032 KEr=0.0019 rms=8.30 nn=21.5 chiral=0.2370
t=  35.00 KE=0.0030 KEr=0.0018 rms=8.29 nn=22.0 chiral=0.2437
t=  36.00 KE=0.0029 KEr=0.0016 rms=8.28 nn=22.2 chiral=0.2487
t=  37.00 KE=0.0029 KEr=0.0015 rms=8.27 nn=22.0 chiral=0.2521
t=  38.00 KE=0.0029 KEr=0.0014 rms=8.27 nn=22.1 chiral=0.2458
t=  39.00 KE=0.0028 KEr=0.0014 rms=8.26 nn=22.1 chiral=0.2448
t=  40.00 KE=0.0027 KEr=0.0012 rms=8.25 nn=22.1 chiral=0.2410
t=  41.00 KE=0.0026 KEr=0.0011 rms=8.24 nn=21.8 chiral=0.2455
t=  42.00 KE=0.0026 KEr=0.0012 rms=8.23 nn=22.0 chiral=0.2427
t=  43.00 KE=0.0026 KEr=0.0012 rms=8.22 nn=22.3 chiral=0.2518
t=  44.00 KE=0.0025 KEr=0.0010 rms=8.21 nn=22.3 chiral=0.2516
t=  45.00 KE=0.0024 KEr=0.0010 rms=8.20 nn=22.1 chiral=0.2560
t=  46.00 KE=0.0024 KEr=0.0009 rms=8.19 nn=22.0 chiral=0.2588
t=  47.00 KE=0.0023 KEr=0.0009 rms=8.18 nn=22.1 chiral=0.2700
t=  48.00 KE=0.0022 KEr=0.0008 rms=8.17 nn=22.5 chiral=0.2700
t=  49.00 KE=0.0022 KEr=0.0008 rms=8.16 nn=22.9 chiral=0.2694
t=  50.00 KE=0.0021 KEr=0.0008 rms=8.15 nn=23.0 chiral=0.2685
t=  51.00 KE=0.0021 KEr=0.0008 rms=8.14 nn=22.8 chiral=0.2698
t=  52.00 KE=0.0020 KEr=0.0008 rms=8.13 nn=22.8 chiral=0.2633
t=  53.00 KE=0.0020 KEr=0.0007 rms=8.13 nn=22.6 chiral=0.2600
t=  54.00 KE=0.0019 KEr=0.0008 rms=8.12 nn=22.9 chiral=0.2548
t=  55.00 KE=0.0019 KEr=0.0008 rms=8.12 nn=23.3 chiral=0.2467
t=  56.00 KE=0.0019 KEr=0.0007 rms=8.11 nn=23.1 chiral=0.2511
t=  57.00 KE=0.0019 KEr=0.0007 rms=8.11 nn=22.6 chiral=0.2526
t=  58.00 KE=0.0018 KEr=0.0007 rms=8.11 nn=22.8 chiral=0.2573
t=  59.00 KE=0.0018 KEr=0.0006 rms=8.10 nn=23.0 chiral=0.2621
t=  60.00 KE=0.0018 KEr=0.0006 rms=8.10 nn=23.0 chiral=0.2691
t=  61.00 KE=0.0017 KEr=0.0006 rms=8.10 nn=23.6 chiral=0.2796
t=  62.00 KE=0.0017 KEr=0.0005 rms=8.10 nn=23.3 chiral=0.2804
t=  63.00 KE=0.0017 KEr=0.0005 rms=8.10 nn=23.1 chiral=0.2790
t=  64.00 KE=0.0016 KEr=0.0005 rms=8.10 nn=23.3 chiral=0.2822
t=  65.00 KE=0.0016 KEr=0.0004 rms=8.11 nn=23.8 chiral=0.2848
t=  66.00 KE=0.0016 KEr=0.0004 rms=8.11 nn=24.0 chiral=0.2815
t=  67.00 KE=0.0015 KEr=0.0004 rms=8.11 nn=23.3 chiral=0.2809
t=  68.00 KE=0.0015 KEr=0.0004 rms=8.12 nn=23.0 chiral=0.2792
t=  69.00 KE=0.0015 KEr=0.0004 rms=8.12 nn=23.2 chiral=0.2787
t=  70.00 KE=0.0015 KEr=0.0004 rms=8.13 nn=23.2 chiral=0.2792
t=  71.00 KE=0.0014 KEr=0.0004 rms=8.13 nn=23.1 chiral=0.2784
t=  72.00 KE=0.0014 KEr=0.0003 rms=8.14 nn=23.4 chiral=0.2809
t=  73.00 KE=0.0014 KEr=0.0004 rms=8.15 nn=23.7 chiral=0.2805
t=  74.00 KE=0.0014 KEr=0.0003 rms=8.15 nn=23.6 chiral=0.2809
t=  75.00 KE=0.0014 KEr=0.0003 rms=8.16 nn=23.6 chiral=0.2881
t=  76.00 KE=0.0013 KEr=0.0003 rms=8.16 nn=23.7 chiral=0.2900
t=  77.00 KE=0.0013 KEr=0.0003 rms=8.17 nn=23.3 chiral=0.2916
t=  78.00 KE=0.0013 KEr=0.0003 rms=8.17 nn=23.0 chiral=0.2926
t=  79.00 KE=0.0013 KEr=0.0003 rms=8.18 nn=23.3 chiral=0.2990
t=  80.00 KE=0.0012 KEr=0.0003 rms=8.18 nn=23.3 chiral=0.2985
t=  81.00 KE=0.0012 KEr=0.0003 rms=8.18 nn=23.5 chiral=0.2962
t=  82.00 KE=0.0012 KEr=0.0003 rms=8.19 nn=23.3 chiral=0.2930
t=  83.00 KE=0.0012 KEr=0.0003 rms=8.19 nn=23.5 chiral=0.2945
t=  84.00 KE=0.0012 KEr=0.0002 rms=8.19 nn=23.7 chiral=0.2995
t=  85.00 KE=0.0012 KEr=0.0003 rms=8.19 nn=23.4 chiral=0.2964
t=  86.00 KE=0.0012 KEr=0.0002 rms=8.19 nn=23.6 chiral=0.3022
t=  87.00 KE=0.0011 KEr=0.0002 rms=8.19 nn=23.4 chiral=0.3037
t=  88.00 KE=0.0011 KEr=0.0002 rms=8.18 nn=23.3 chiral=0.3042
t=  89.00 KE=0.0011 KEr=0.0002 rms=8.18 nn=23.3 chiral=0.2997
t=  90.00 KE=0.0011 KEr=0.0002 rms=8.18 nn=23.5 chiral=0.2958
t=  91.00 KE=0.0011 KEr=0.0002 rms=8.17 nn=23.1 chiral=0.2968
t=  92.00 KE=0.0011 KEr=0.0002 rms=8.17 nn=23.1 chiral=0.2994
t=  93.00 KE=0.0011 KEr=0.0002 rms=8.16 nn=23.3 chiral=0.2984
t=  94.00 KE=0.0011 KEr=0.0002 rms=8.16 nn=23.5 chiral=0.3005
t=  95.00 KE=0.0011 KEr=0.0002 rms=8.15 nn=23.6 chiral=0.2981
t=  96.00 KE=0.0010 KEr=0.0002 rms=8.15 nn=23.9 chiral=0.2969
t=  97.00 KE=0.0010 KEr=0.0002 rms=8.15 nn=23.8 chiral=0.2965
t=  98.00 KE=0.0010 KEr=0.0002 rms=8.14 nn=24.0 chiral=0.2968
t=  99.00 KE=0.0010 KEr=0.0002 rms=8.14 nn=24.4 chiral=0.2982
t= 100.00 KE=0.0010 KEr=0.0002 rms=8.13 nn=24.4 chiral=0.2977
t= 101.00 KE=0.0010 KEr=0.0002 rms=8.13 nn=24.4 chiral=0.2981
t= 102.00 KE=0.0010 KEr=0.0002 rms=8.12 nn=24.4 chiral=0.3051
t= 103.00 KE=0.0010 KEr=0.0002 rms=8.12 nn=24.0 chiral=0.3106
t= 104.00 KE=0.0010 KEr=0.0002 rms=8.12 nn=24.3 chiral=0.3093
t= 105.00 KE=0.0010 KEr=0.0002 rms=8.12 nn=24.7 chiral=0.3140
t= 106.00 KE=0.0010 KEr=0.0002 rms=8.11 nn=24.8 chiral=0.3165
t= 107.00 KE=0.0010 KEr=0.0002 rms=8.11 nn=24.6 chiral=0.3144
t= 108.00 KE=0.0009 KEr=0.0002 rms=8.11 nn=24.5 chiral=0.3115
t= 109.00 KE=0.0009 KEr=0.0002 rms=8.11 nn=24.5 chiral=0.3152
t= 110.00 KE=0.0009 KEr=0.0002 rms=8.11 nn=24.5 chiral=0.3097
t= 111.00 KE=0.0009 KEr=0.0002 rms=8.11 nn=24.6 chiral=0.3111
t= 112.00 KE=0.0009 KEr=0.0002 rms=8.11 nn=25.0 chiral=0.3109
t= 113.00 KE=0.0009 KEr=0.0002 rms=8.10 nn=25.2 chiral=0.3122
t= 114.00 KE=0.0009 KEr=0.0002 rms=8.10 nn=25.1 chiral=0.3135
t= 115.00 KE=0.0008 KEr=0.0002 rms=8.10 nn=24.7 chiral=0.3147
t= 116.00 KE=0.0008 KEr=0.0002 rms=8.10 nn=24.8 chiral=0.3148
t= 117.00 KE=0.0008 KEr=0.0001 rms=8.10 nn=24.7 chiral=0.3141
t= 118.00 KE=0.0008 KEr=0.0002 rms=8.10 nn=24.8 chiral=0.3165
t= 119.00 KE=0.0008 KEr=0.0002 rms=8.10 nn=24.7 chiral=0.3213
t= 120.00 KE=0.0008 KEr=0.0001 rms=8.10 nn=24.8 chiral=0.3175
t= 121.00 KE=0.0008 KEr=0.0001 rms=8.10 nn=24.6 chiral=0.3176
t= 122.00 KE=0.0008 KEr=0.0001 rms=8.11 nn=24.8 chiral=0.3129
t= 123.00 KE=0.0008 KEr=0.0001 rms=8.11 nn=24.8 chiral=0.3148
t= 124.00 KE=0.0008 KEr=0.0001 rms=8.11 nn=24.8 chiral=0.3153
t= 125.00 KE=0.0008 KEr=0.0001 rms=8.11 nn=25.3 chiral=0.3168
t= 126.00 KE=0.0007 KEr=0.0001 rms=8.11 nn=25.2 chiral=0.3099
t= 127.00 KE=0.0007 KEr=0.0001 rms=8.11 nn=25.2 chiral=0.3103
t= 128.00 KE=0.0007 KEr=0.0001 rms=8.11 nn=25.2 chiral=0.3139
t= 129.00 KE=0.0007 KEr=0.0001 rms=8.11 nn=25.0 chiral=0.3168
t= 130.00 KE=0.0007 KEr=0.0001 rms=8.11 nn=25.0 chiral=0.3167
t= 131.00 KE=0.0007 KEr=0.0001 rms=8.12 nn=25.1 chiral=0.3174
t= 132.00 KE=0.0007 KEr=0.0001 rms=8.12 nn=25.5 chiral=0.3188
t= 133.00 KE=0.0007 KEr=0.0001 rms=8.12 nn=25.1 chiral=0.3175
t= 134.00 KE=0.0007 KEr=0.0001 rms=8.12 nn=25.2 chiral=0.3172
t= 135.00 KE=0.0007 KEr=0.0001 rms=8.12 nn=25.0 chiral=0.3177
t= 136.00 KE=0.0007 KEr=0.0001 rms=8.12 nn=25.0 chiral=0.3198
t= 137.00 KE=0.0007 KEr=0.0001 rms=8.12 nn=25.1 chiral=0.3174
t= 138.00 KE=0.0007 KEr=0.0001 rms=8.12 nn=25.2 chiral=0.3118
t= 139.00 KE=0.0007 KEr=0.0001 rms=8.12 nn=25.1 chiral=0.3141
t= 140.00 KE=0.0007 KEr=0.0001 rms=8.12 nn=25.2 chiral=0.3129
t= 141.00 KE=0.0007 KEr=0.0001 rms=8.12 nn=25.4 chiral=0.3089
t= 142.00 KE=0.0006 KEr=0.0001 rms=8.12 nn=24.9 chiral=0.3076
t= 143.00 KE=0.0006 KEr=0.0001 rms=8.12 nn=25.3 chiral=0.3132
t= 144.00 KE=0.0007 KEr=0.0001 rms=8.12 nn=25.1 chiral=0.3120
t= 145.00 KE=0.0006 KEr=0.0001 rms=8.12 nn=25.3 chiral=0.3109
t= 146.00 KE=0.0006 KEr=0.0001 rms=8.12 nn=25.1 chiral=0.3122
t= 147.00 KE=0.0006 KEr=0.0001 rms=8.12 nn=25.4 chiral=0.3160
t= 148.00 KE=0.0006 KEr=0.0001 rms=8.12 nn=25.3 chiral=0.3211
t= 149.00 KE=0.0006 KEr=0.0001 rms=8.12 nn=25.5 chiral=0.3221
t= 150.00 KE=0.0006 KEr=0.0001 rms=8.12 nn=25.1 chiral=0.3207
t= 151.00 KE=0.0006 KEr=0.0001 rms=8.12 nn=24.6 chiral=0.3167
t= 152.00 KE=0.0006 KEr=0.0001 rms=8.12 nn=24.7 chiral=0.3157
t= 153.00 KE=0.0006 KEr=0.0001 rms=8.12 nn=25.4 chiral=0.3119
t= 154.00 KE=0.0006 KEr=0.0001 rms=8.12 nn=25.8 chiral=0.3116
t= 155.00 KE=0.0006 KEr=0.0001 rms=8.11 nn=26.0 chiral=0.3138
t= 156.00 KE=0.0006 KEr=0.0001 rms=8.11 nn=26.2 chiral=0.3200
t= 157.00 KE=0.0006 KEr=0.0001 rms=8.11 nn=26.3 chiral=0.3193
t= 158.00 KE=0.0006 KEr=0.0001 rms=8.11 nn=26.3 chiral=0.3198
t= 159.00 KE=0.0006 KEr=0.0001 rms=8.11 nn=26.1 chiral=0.3177
t= 160.00 KE=0.0006 KEr=0.0001 rms=8.11 nn=25.7 chiral=0.3176
t= 161.00 KE=0.0006 KEr=0.0001 rms=8.11 nn=25.6 chiral=0.3192
t= 162.00 KE=0.0006 KEr=0.0001 rms=8.10 nn=25.8 chiral=0.3216
t= 163.00 KE=0.0006 KEr=0.0001 rms=8.10 nn=25.8 chiral=0.3244
t= 164.00 KE=0.0006 KEr=0.0001 rms=8.10 nn=26.0 chiral=0.3239
t= 165.00 KE=0.0005 KEr=0.0001 rms=8.10 nn=25.9 chiral=0.3213
t= 166.00 KE=0.0005 KEr=0.0001 rms=8.10 nn=25.9 chiral=0.3198
t= 167.00 KE=0.0005 KEr=0.0001 rms=8.10 nn=25.8 chiral=0.3176
t= 168.00 KE=0.0005 KEr=0.0001 rms=8.10 nn=26.0 chiral=0.3136
t= 169.00 KE=0.0005 KEr=0.0001 rms=8.09 nn=26.2 chiral=0.3115
t= 170.00 KE=0.0005 KEr=0.0001 rms=8.09 nn=26.3 chiral=0.3128
t= 171.00 KE=0.0005 KEr=0.0001 rms=8.09 nn=26.2 chiral=0.3147
t= 172.00 KE=0.0005 KEr=0.0001 rms=8.09 nn=26.0 chiral=0.3118
t= 173.00 KE=0.0005 KEr=0.0001 rms=8.09 nn=25.9 chiral=0.3126
t= 174.00 KE=0.0005 KEr=0.0001 rms=8.09 nn=26.1 chiral=0.3099
t= 175.00 KE=0.0005 KEr=0.0001 rms=8.09 nn=26.3 chiral=0.3136
t= 176.00 KE=0.0005 KEr=0.0001 rms=8.09 nn=26.1 chiral=0.3171
t= 177.00 KE=0.0005 KEr=0.0001 rms=8.09 nn=25.9 chiral=0.3153
t= 178.00 KE=0.0005 KEr=0.0001 rms=8.09 nn=26.3 chiral=0.3171
t= 179.00 KE=0.0005 KEr=0.0001 rms=8.09 nn=26.3 chiral=0.3175
t= 180.00 KE=0.0005 KEr=0.0001 rms=8.09 nn=26.3 chiral=0.3161
t= 181.00 KE=0.0005 KEr=0.0001 rms=8.09 nn=26.1 chiral=0.3170
t= 182.00 KE=0.0005 KEr=0.0001 rms=8.09 nn=26.1 chiral=0.3137
t= 183.00 KE=0.0005 KEr=0.0001 rms=8.09 nn=26.3 chiral=0.3148
t= 184.00 KE=0.0005 KEr=0.0001 rms=8.09 nn=26.3 chiral=0.3165
t= 185.00 KE=0.0005 KEr=0.0001 rms=8.09 nn=26.6 chiral=0.3168
t= 186.00 KE=0.0005 KEr=0.0001 rms=8.09 nn=26.6 chiral=0.3186
t= 187.00 KE=0.0005 KEr=0.0001 rms=8.09 nn=26.3 chiral=0.3179
t= 188.00 KE=0.0004 KEr=0.0001 rms=8.09 nn=26.3 chiral=0.3205
t= 189.00 KE=0.0004 KEr=0.0001 rms=8.10 nn=26.3 chiral=0.3249
t= 190.00 KE=0.0004 KEr=0.0001 rms=8.10 nn=26.2 chiral=0.3251
t= 191.00 KE=0.0004 KEr=0.0001 rms=8.10 nn=26.0 chiral=0.3202
t= 192.00 KE=0.0004 KEr=0.0001 rms=8.10 nn=26.0 chiral=0.3200
t= 193.00 KE=0.0004 KEr=0.0001 rms=8.10 nn=26.1 chiral=0.3153
t= 194.00 KE=0.0004 KEr=0.0001 rms=8.10 nn=25.9 chiral=0.3139
t= 195.00 KE=0.0004 KEr=0.0001 rms=8.10 nn=26.0 chiral=0.3168
t= 196.00 KE=0.0004 KEr=0.0001 rms=8.10 nn=26.1 chiral=0.3183
t= 197.00 KE=0.0004 KEr=0.0001 rms=8.10 nn=26.4 chiral=0.3210
t= 198.00 KE=0.0004 KEr=0.0001 rms=8.10 nn=26.6 chiral=0.3245
t= 199.00 KE=0.0004 KEr=0.0001 rms=8.10 nn=26.5 chiral=0.3268
t= 200.00 KE=0.0004 KEr=0.0001 rms=8.10 nn=26.6 chiral=0.3278
t= 201.00 KE=0.0004 KEr=0.0001 rms=8.10 nn=26.9 chiral=0.3296
t= 202.00 KE=0.0004 KEr=0.0001 rms=8.10 nn=26.8 chiral=0.3285
t= 203.00 KE=0.0004 KEr=0.0001 rms=8.10 nn=26.5 chiral=0.3264
t= 204.00 KE=0.0004 KEr=0.0001 rms=8.10 nn=26.4 chiral=0.3270
t= 205.00 KE=0.0004 KEr=0.0001 rms=8.10 nn=26.5 chiral=0.3328
t= 206.00 KE=0.0004 KEr=0.0001 rms=8.10 nn=26.6 chiral=0.3314
t= 207.00 KE=0.0004 KEr=0.0001 rms=8.10 nn=26.7 chiral=0.3332
t= 208.00 KE=0.0004 KEr=0.0001 rms=8.10 nn=26.5 chiral=0.3296
t= 209.00 KE=0.0004 KEr=0.0001 rms=8.10 nn=26.6 chiral=0.3280
t= 210.00 KE=0.0004 KEr=0.0001 rms=8.09 nn=26.8 chiral=0.3290
t= 211.00 KE=0.0004 KEr=0.0001 rms=8.09 nn=27.0 chiral=0.3284
t= 212.00 KE=0.0004 KEr=0.0001 rms=8.09 nn=27.0 chiral=0.3265
t= 213.00 KE=0.0004 KEr=0.0001 rms=8.09 nn=27.2 chiral=0.3249
t= 214.00 KE=0.0004 KEr=0.0001 rms=8.09 nn=27.1 chiral=0.3218
t= 215.00 KE=0.0004 KEr=0.0001 rms=8.09 nn=27.0 chiral=0.3201
t= 216.00 KE=0.0004 KEr=0.0001 rms=8.09 nn=26.7 chiral=0.3230
t= 217.00 KE=0.0004 KEr=0.0001 rms=8.09 nn=26.7 chiral=0.3245
t= 218.00 KE=0.0004 KEr=0.0001 rms=8.09 nn=26.8 chiral=0.3210
t= 219.00 KE=0.0004 KEr=0.0001 rms=8.09 nn=27.1 chiral=0.3161
t= 220.00 KE=0.0004 KEr=0.0001 rms=8.09 nn=26.5 chiral=0.3154
t= 221.00 KE=0.0004 KEr=0.0001 rms=8.08 nn=26.5 chiral=0.3201
t= 222.00 KE=0.0004 KEr=0.0001 rms=8.08 nn=26.6 chiral=0.3235
t= 223.00 KE=0.0004 KEr=0.0001 rms=8.08 nn=26.7 chiral=0.3229
t= 224.00 KE=0.0004 KEr=0.0001 rms=8.08 nn=26.6 chiral=0.3255
t= 225.00 KE=0.0004 KEr=0.0001 rms=8.08 nn=26.6 chiral=0.3229
t= 226.00 KE=0.0004 KEr=0.0001 rms=8.08 nn=26.7 chiral=0.3251
t= 227.00 KE=0.0004 KEr=0.0001 rms=8.08 nn=27.0 chiral=0.3224
t= 228.00 KE=0.0004 KEr=0.0001 rms=8.08 nn=26.8 chiral=0.3218
t= 229.00 KE=0.0003 KEr=0.0001 rms=8.08 nn=26.7 chiral=0.3243
t= 230.00 KE=0.0003 KEr=0.0001 rms=8.08 nn=26.7 chiral=0.3249
t= 231.00 KE=0.0003 KEr=0.0001 rms=8.08 nn=26.6 chiral=0.3235
t= 232.00 KE=0.0004 KEr=0.0001 rms=8.08 nn=26.6 chiral=0.3268
t= 233.00 KE=0.0003 KEr=0.0000 rms=8.08 nn=26.5 chiral=0.3210
t= 234.00 KE=0.0003 KEr=0.0000 rms=8.08 nn=26.9 chiral=0.3209
t= 235.00 KE=0.0003 KEr=0.0000 rms=8.08 nn=26.5 chiral=0.3190
t= 236.00 KE=0.0003 KEr=0.0000 rms=8.08 nn=26.6 chiral=0.3196
t= 237.00 KE=0.0003 KEr=0.0000 rms=8.08 nn=26.9 chiral=0.3202
t= 238.00 KE=0.0003 KEr=0.0000 rms=8.08 nn=26.8 chiral=0.3200
t= 239.00 KE=0.0003 KEr=0.0000 rms=8.08 nn=26.8 chiral=0.3223
t= 240.00 KE=0.0003 KEr=0.0000 rms=8.08 nn=26.7 chiral=0.3222
t= 241.00 KE=0.0003 KEr=0.0000 rms=8.08 nn=26.8 chiral=0.3258
t= 242.00 KE=0.0003 KEr=0.0000 rms=8.08 nn=27.1 chiral=0.3241
t= 243.00 KE=0.0003 KEr=0.0000 rms=8.08 nn=27.3 chiral=0.3227
t= 244.00 KE=0.0003 KEr=0.0000 rms=8.08 nn=27.1 chiral=0.3224
t= 245.00 KE=0.0003 KEr=0.0000 rms=8.08 nn=27.0 chiral=0.3186
t= 246.00 KE=0.0003 KEr=0.0000 rms=8.08 nn=27.1 chiral=0.3184
t= 247.00 KE=0.0003 KEr=0.0000 rms=8.08 nn=27.2 chiral=0.3178
t= 248.00 KE=0.0003 KEr=0.0000 rms=8.08 nn=27.1 chiral=0.3221
t= 249.00 KE=0.0003 KEr=0.0000 rms=8.09 nn=26.7 chiral=0.3229
t= 250.00 KE=0.0003 KEr=0.0000 rms=8.09 nn=26.8 chiral=0.3250
t= 251.00 KE=0.0003 KEr=0.0000 rms=8.09 nn=26.8 chiral=0.3247
t= 252.00 KE=0.0003 KEr=0.0000 rms=8.09 nn=26.8 chiral=0.3278
t= 253.00 KE=0.0003 KEr=0.0000 rms=8.09 nn=26.8 chiral=0.3303
t= 254.00 KE=0.0003 KEr=0.0000 rms=8.09 nn=26.7 chiral=0.3311
t= 255.00 KE=0.0003 KEr=0.0000 rms=8.09 nn=26.8 chiral=0.3284
t= 256.00 KE=0.0003 KEr=0.0000 rms=8.09 nn=26.7 chiral=0.3295
t= 257.00 KE=0.0003 KEr=0.0000 rms=8.09 nn=27.1 chiral=0.3296
t= 258.00 KE=0.0003 KEr=0.0000 rms=8.09 nn=27.4 chiral=0.3306
t= 259.00 KE=0.0003 KEr=0.0000 rms=8.09 nn=27.4 chiral=0.3336
t= 260.00 KE=0.0003 KEr=0.0000 rms=8.09 nn=27.2 chiral=0.3305
t= 261.00 KE=0.0003 KEr=0.0000 rms=8.09 nn=27.4 chiral=0.3297
t= 262.00 KE=0.0003 KEr=0.0000 rms=8.08 nn=27.6 chiral=0.3311
t= 263.00 KE=0.0003 KEr=0.0000 rms=8.08 nn=27.7 chiral=0.3328
t= 264.00 KE=0.0003 KEr=0.0000 rms=8.08 nn=27.6 chiral=0.3318
t= 265.00 KE=0.0003 KEr=0.0000 rms=8.08 nn=27.7 chiral=0.3288
t= 266.00 KE=0.0003 KEr=0.0000 rms=8.08 nn=27.5 chiral=0.3277
t= 267.00 KE=0.0003 KEr=0.0000 rms=8.08 nn=27.4 chiral=0.3275
t= 268.00 KE=0.0003 KEr=0.0000 rms=8.08 nn=27.1 chiral=0.3261
t= 269.00 KE=0.0003 KEr=0.0000 rms=8.08 nn=27.2 chiral=0.3274
t= 270.00 KE=0.0003 KEr=0.0000 rms=8.08 nn=27.4 chiral=0.3286
t= 271.00 KE=0.0003 KEr=0.0000 rms=8.08 nn=27.2 chiral=0.3317
t= 272.00 KE=0.0003 KEr=0.0000 rms=8.08 nn=27.5 chiral=0.3331
t= 273.00 KE=0.0003 KEr=0.0000 rms=8.08 nn=27.6 chiral=0.3354
t= 274.00 KE=0.0003 KEr=0.0000 rms=8.08 nn=27.7 chiral=0.3361
t= 275.00 KE=0.0003 KEr=0.0000 rms=8.08 nn=27.6 chiral=0.3345
t= 276.00 KE=0.0003 KEr=0.0000 rms=8.08 nn=27.5 chiral=0.3361
t= 277.00 KE=0.0003 KEr=0.0000 rms=8.08 nn=27.6 chiral=0.3372
t= 278.00 KE=0.0003 KEr=0.0000 rms=8.08 nn=27.8 chiral=0.3358
t= 279.00 KE=0.0003 KEr=0.0000 rms=8.08 nn=27.7 chiral=0.3313
t= 280.00 KE=0.0003 KEr=0.0000 rms=8.08 nn=27.6 chiral=0.3312
t= 281.00 KE=0.0003 KEr=0.0000 rms=8.08 nn=27.7 chiral=0.3349
t= 282.00 KE=0.0003 KEr=0.0000 rms=8.08 nn=27.7 chiral=0.3336
t= 283.00 KE=0.0003 KEr=0.0000 rms=8.08 nn=27.5 chiral=0.3312
t= 284.00 KE=0.0003 KEr=0.0000 rms=8.08 nn=27.7 chiral=0.3324
t= 285.00 KE=0.0003 KEr=0.0000 rms=8.08 nn=27.8 chiral=0.3362
t= 286.00 KE=0.0003 KEr=0.0000 rms=8.08 nn=27.7 chiral=0.3346
t= 287.00 KE=0.0003 KEr=0.0000 rms=8.08 nn=27.3 chiral=0.3339
t= 288.00 KE=0.0003 KEr=0.0000 rms=8.08 nn=27.6 chiral=0.3360
t= 289.00 KE=0.0003 KEr=0.0000 rms=8.08 nn=27.5 chiral=0.3373
t= 290.00 KE=0.0003 KEr=0.0000 rms=8.08 nn=27.6 chiral=0.3368
t= 291.00 KE=0.0003 KEr=0.0000 rms=8.08 nn=27.4 chiral=0.3368
t= 292.00 KE=0.0003 KEr=0.0000 rms=8.08 nn=27.4 chiral=0.3373
t= 293.00 KE=0.0003 KEr=0.0000 rms=8.08 nn=27.4 chiral=0.3396
t= 294.00 KE=0.0003 KEr=0.0000 rms=8.08 nn=27.7 chiral=0.3387
t= 295.00 KE=0.0003 KEr=0.0000 rms=8.08 nn=27.9 chiral=0.3368
t= 296.00 KE=0.0003 KEr=0.0000 rms=8.07 nn=27.6 chiral=0.3329
t= 297.00 KE=0.0002 KEr=0.0000 rms=8.07 nn=27.3 chiral=0.3323
t= 298.00 KE=0.0002 KEr=0.0000 rms=8.07 nn=27.4 chiral=0.3358
t= 299.00 KE=0.0003 KEr=0.0000 rms=8.07 nn=27.4 chiral=0.3316
t= 300.00 KE=0.0002 KEr=0.0000 rms=8.07 nn=27.5 chiral=0.3372
t= 301.00 KE=0.0002 KEr=0.0000 rms=8.07 nn=27.6 chiral=0.3357
t= 302.00 KE=0.0002 KEr=0.0000 rms=8.07 nn=27.7 chiral=0.3392
t= 303.00 KE=0.0002 KEr=0.0000 rms=8.07 nn=27.6 chiral=0.3338
t= 304.00 KE=0.0002 KEr=0.0000 rms=8.07 nn=27.7 chiral=0.3312
t= 305.00 KE=0.0002 KEr=0.0000 rms=8.07 nn=27.7 chiral=0.3301
t= 306.00 KE=0.0002 KEr=0.0000 rms=8.07 nn=27.8 chiral=0.3340
t= 307.00 KE=0.0002 KEr=0.0000 rms=8.07 nn=27.8 chiral=0.3320
t= 308.00 KE=0.0002 KEr=0.0000 rms=8.07 nn=28.0 chiral=0.3324
t= 309.00 KE=0.0002 KEr=0.0000 rms=8.07 nn=28.3 chiral=0.3309
t= 310.00 KE=0.0002 KEr=0.0000 rms=8.07 nn=28.1 chiral=0.3306
t= 311.00 KE=0.0002 KEr=0.0000 rms=8.07 nn=28.3 chiral=0.3312
t= 312.00 KE=0.0002 KEr=0.0000 rms=8.07 nn=28.2 chiral=0.3320
t= 313.00 KE=0.0002 KEr=0.0000 rms=8.07 nn=27.9 chiral=0.3318
t= 314.00 KE=0.0002 KEr=0.0000 rms=8.07 nn=27.7 chiral=0.3324
t= 315.00 KE=0.0002 KEr=0.0000 rms=8.07 nn=27.8 chiral=0.3326
t= 316.00 KE=0.0002 KEr=0.0000 rms=8.07 nn=27.9 chiral=0.3305
t= 317.00 KE=0.0002 KEr=0.0000 rms=8.07 nn=28.0 chiral=0.3290
t= 318.00 KE=0.0002 KEr=0.0000 rms=8.07 nn=28.0 chiral=0.3304
t= 319.00 KE=0.0002 KEr=0.0000 rms=8.07 nn=28.2 chiral=0.3304
t= 320.00 KE=0.0002 KEr=0.0000 rms=8.07 nn=28.2 chiral=0.3303
t= 321.00 KE=0.0002 KEr=0.0000 rms=8.08 nn=28.4 chiral=0.3323
t= 322.00 KE=0.0002 KEr=0.0000 rms=8.08 nn=28.2 chiral=0.3365
t= 323.00 KE=0.0002 KEr=0.0000 rms=8.08 nn=28.1 chiral=0.3361
t= 324.00 KE=0.0002 KEr=0.0000 rms=8.08 nn=28.0 chiral=0.3342
t= 325.00 KE=0.0002 KEr=0.0000 rms=8.08 nn=28.1 chiral=0.3310
t= 326.00 KE=0.0002 KEr=0.0000 rms=8.08 nn=28.5 chiral=0.3335
t= 327.00 KE=0.0002 KEr=0.0000 rms=8.08 nn=28.4 chiral=0.3335
t= 328.00 KE=0.0002 KEr=0.0000 rms=8.08 nn=28.7 chiral=0.3340
t= 329.00 KE=0.0002 KEr=0.0000 rms=8.08 nn=29.0 chiral=0.3343
t= 330.00 KE=0.0002 KEr=0.0000 rms=8.08 nn=28.9 chiral=0.3353
t= 331.00 KE=0.0002 KEr=0.0000 rms=8.08 nn=28.9 chiral=0.3373
t= 332.00 KE=0.0002 KEr=0.0000 rms=8.08 nn=28.9 chiral=0.3355
t= 333.00 KE=0.0002 KEr=0.0000 rms=8.08 nn=28.6 chiral=0.3330
t= 334.00 KE=0.0002 KEr=0.0000 rms=8.08 nn=28.4 chiral=0.3337
t= 335.00 KE=0.0002 KEr=0.0000 rms=8.08 nn=28.6 chiral=0.3333
t= 336.00 KE=0.0002 KEr=0.0000 rms=8.08 nn=28.5 chiral=0.3333
t= 337.00 KE=0.0002 KEr=0.0000 rms=8.08 nn=28.5 chiral=0.3315
t= 338.00 KE=0.0002 KEr=0.0000 rms=8.08 nn=28.4 chiral=0.3320
t= 339.00 KE=0.0002 KEr=0.0000 rms=8.08 nn=28.4 chiral=0.3339
t= 340.00 KE=0.0002 KEr=0.0000 rms=8.08 nn=28.7 chiral=0.3343
t= 341.00 KE=0.0002 KEr=0.0000 rms=8.08 nn=28.5 chiral=0.3317
t= 342.00 KE=0.0002 KEr=0.0000 rms=8.08 nn=28.7 chiral=0.3330
t= 343.00 KE=0.0002 KEr=0.0000 rms=8.08 nn=28.9 chiral=0.3370
t= 344.00 KE=0.0002 KEr=0.0000 rms=8.08 nn=28.4 chiral=0.3369
t= 345.00 KE=0.0002 KEr=0.0000 rms=8.07 nn=28.5 chiral=0.3349
t= 346.00 KE=0.0002 KEr=0.0000 rms=8.07 nn=28.7 chiral=0.3339
t= 347.00 KE=0.0002 KEr=0.0000 rms=8.07 nn=28.7 chiral=0.3364
t= 348.00 KE=0.0002 KEr=0.0000 rms=8.07 nn=28.5 chiral=0.3359
t= 349.00 KE=0.0002 KEr=0.0000 rms=8.07 nn=28.6 chiral=0.3365
t= 350.00 KE=0.0002 KEr=0.0000 rms=8.07 nn=28.6 chiral=0.3402
t= 351.00 KE=0.0002 KEr=0.0000 rms=8.07 nn=28.4 chiral=0.3361
t= 352.00 KE=0.0002 KEr=0.0000 rms=8.07 nn=28.0 chiral=0.3368
t= 353.00 KE=0.0002 KEr=0.0000 rms=8.07 nn=27.8 chiral=0.3333
t= 354.00 KE=0.0002 KEr=0.0000 rms=8.07 nn=28.2 chiral=0.3333
t= 355.00 KE=0.0002 KEr=0.0000 rms=8.07 nn=28.2 chiral=0.3344
t= 356.00 KE=0.0002 KEr=0.0000 rms=8.07 nn=28.3 chiral=0.3339
t= 357.00 KE=0.0002 KEr=0.0000 rms=8.07 nn=28.5 chiral=0.3352
t= 358.00 KE=0.0002 KEr=0.0000 rms=8.07 nn=28.5 chiral=0.3359
t= 359.00 KE=0.0002 KEr=0.0000 rms=8.07 nn=28.8 chiral=0.3336
t= 360.00 KE=0.0002 KEr=0.0000 rms=8.07 nn=28.6 chiral=0.3357
t= 361.00 KE=0.0002 KEr=0.0000 rms=8.07 nn=28.5 chiral=0.3373
t= 362.00 KE=0.0002 KEr=0.0000 rms=8.07 nn=28.7 chiral=0.3376
t= 363.00 KE=0.0002 KEr=0.0000 rms=8.07 nn=28.8 chiral=0.3372
t= 364.00 KE=0.0002 KEr=0.0000 rms=8.07 nn=28.8 chiral=0.3389
t= 365.00 KE=0.0002 KEr=0.0000 rms=8.07 nn=28.7 chiral=0.3377
t= 366.00 KE=0.0002 KEr=0.0000 rms=8.07 nn=29.1 chiral=0.3383
t= 367.00 KE=0.0002 KEr=0.0000 rms=8.07 nn=29.1 chiral=0.3363
t= 368.00 KE=0.0002 KEr=0.0000 rms=8.07 nn=29.2 chiral=0.3349
t= 369.00 KE=0.0002 KEr=0.0000 rms=8.07 nn=29.3 chiral=0.3354
t= 370.00 KE=0.0002 KEr=0.0000 rms=8.07 nn=29.4 chiral=0.3358
t= 371.00 KE=0.0002 KEr=0.0000 rms=8.07 nn=29.3 chiral=0.3400
t= 372.00 KE=0.0002 KEr=0.0000 rms=8.07 nn=29.0 chiral=0.3366
t= 373.00 KE=0.0002 KEr=0.0000 rms=8.07 nn=28.8 chiral=0.3377
t= 374.00 KE=0.0002 KEr=0.0000 rms=8.07 nn=28.8 chiral=0.3367
t= 375.00 KE=0.0002 KEr=0.0000 rms=8.07 nn=28.8 chiral=0.3409
t= 376.00 KE=0.0002 KEr=0.0000 rms=8.07 nn=28.8 chiral=0.3412
t= 377.00 KE=0.0002 KEr=0.0000 rms=8.07 nn=29.0 chiral=0.3407
t= 378.00 KE=0.0002 KEr=0.0000 rms=8.07 nn=29.4 chiral=0.3387
t= 379.00 KE=0.0002 KEr=0.0000 rms=8.07 nn=29.2 chiral=0.3353
t= 380.00 KE=0.0002 KEr=0.0000 rms=8.07 nn=29.3 chiral=0.3352
t= 381.00 KE=0.0002 KEr=0.0000 rms=8.07 nn=29.1 chiral=0.3347
t= 382.00 KE=0.0002 KEr=0.0000 rms=8.07 nn=29.2 chiral=0.3339
t= 383.00 KE=0.0002 KEr=0.0000 rms=8.07 nn=29.2 chiral=0.3349
t= 384.00 KE=0.0002 KEr=0.0000 rms=8.07 nn=29.0 chiral=0.3343
t= 385.00 KE=0.0002 KEr=0.0000 rms=8.07 nn=28.9 chiral=0.3345
t= 386.00 KE=0.0002 KEr=0.0000 rms=8.07 nn=28.8 chiral=0.3343
t= 387.00 KE=0.0002 KEr=0.0000 rms=8.07 nn=28.8 chiral=0.3321
t= 388.00 KE=0.0002 KEr=0.0000 rms=8.07 nn=28.7 chiral=0.3315
t= 389.00 KE=0.0002 KEr=0.0000 rms=8.07 nn=28.8 chiral=0.3328
t= 390.00 KE=0.0002 KEr=0.0000 rms=8.07 nn=28.7 chiral=0.3342
t= 391.00 KE=0.0002 KEr=0.0000 rms=8.07 nn=28.5 chiral=0.3353
t= 392.00 KE=0.0002 KEr=0.0000 rms=8.07 nn=28.7 chiral=0.3373
t= 393.00 KE=0.0002 KEr=0.0000 rms=8.07 nn=28.5 chiral=0.3396
t= 394.00 KE=0.0002 KEr=0.0000 rms=8.07 nn=28.7 chiral=0.3412
t= 395.00 KE=0.0002 KEr=0.0000 rms=8.07 nn=28.8 chiral=0.3409
t= 396.00 KE=0.0002 KEr=0.0000 rms=8.07 nn=29.0 chiral=0.3386
t= 397.00 KE=0.0002 KEr=0.0000 rms=8.07 nn=29.1 chiral=0.3356
t= 398.00 KE=0.0002 KEr=0.0000 rms=8.07 nn=29.1 chiral=0.3365
t= 399.00 KE=0.0002 KEr=0.0000 rms=8.07 nn=29.1 chiral=0.3334
t= 400.00 KE=0.0002 KEr=0.0000 rms=8.07 nn=29.0 chiral=0.3332
trajectory: wrote 20000 samples to traj.bin
Done.
