=== V35 Cosserat + θ Self-Interaction ===
Equations:
  d²phi_a/dt² = lap(phi_a) - m²phi_a - V'(phi) + eta*curl(theta)_a
  d²theta_a/dt² = lap(theta_a) - m_t²theta_a + eta*curl(phi)_a - V_t'(theta)

  V(P) = (mu/2) P²/(1+kap P²),  P = phi_0 phi_1 phi_2
  V_t(Q) = (mu_t/2) Q²/(1+kap_t Q²),  Q = theta_0 theta_1 theta_2

phi:   mu=-41.345  kap=50.0  m²=2.2500
theta: mu_t=-100000.0  kap_t=5000.0  m_t²=0.0000
eta=0.500  bg=0.10
N=64 L=20 T=100 braids=1 D=20

Allocating 0.04 GB (4718592 doubles, N=64, 6 fields)
dx=0.6349 dt=0.06349 (factor=1.00) threads=4

Steps=1575 diag_every=31

t=    0.0 E=5.4323e+03 (drift +0.000%) theta_rms=0.000e+00 Q_max=0.000e+00 Ept=0.00e+00 [0% 0s]
t=   19.7 E=2.9993e+08 (drift +5521196.052%) theta_rms=1.577e+01 Q_max=1.155e+06 Ept=-6.63e+05 [20% 8s]
t=   39.4 E=2.9566e+09 (drift +54426059.932%) theta_rms=4.622e+01 Q_max=9.801e+06 Ept=-6.71e+05 [39% 16s]
t=   59.0 E=7.5364e+09 (drift +138732292.033%) theta_rms=7.407e+01 Q_max=5.853e+07 Ept=-6.71e+05 [59% 24s]
t=   78.7 E=1.0180e+10 (drift +187392777.016%) theta_rms=8.885e+01 Q_max=4.339e+07 Ept=-6.71e+05 [79% 32s]
t=   98.4 E=1.5443e+10 (drift +284276879.142%) theta_rms=1.166e+02 Q_max=1.715e+08 Ept=-6.71e+05 [98% 39s]

=== Complete: 40s (0.7 min) ===
Output: data/theta_self/mu-100000_kap5000/timeseries.tsv
