=== V35 Cosserat + θ Self-Interaction ===
Equations:
  d²phi_a/dt² = lap(phi_a) - m²phi_a - V'(phi) + eta*curl(theta)_a
  d²theta_a/dt² = lap(theta_a) - m_t²theta_a + eta*curl(phi)_a - V_t'(theta)

  V(P) = (mu/2) P²/(1+kap P²),  P = phi_0 phi_1 phi_2
  V_t(Q) = (mu_t/2) Q²/(1+kap_t Q²),  Q = theta_0 theta_1 theta_2

phi:   mu=-41.345  kap=50.0  m²=2.2500
theta: mu_t=-1000.0  kap_t=50000.0  m_t²=0.0000
eta=0.500  bg=0.10
N=64 L=20 T=100 braids=1 D=20

Allocating 0.04 GB (4718592 doubles, N=64, 6 fields)
dx=0.6349 dt=0.06349 (factor=1.00) threads=4

Steps=1575 diag_every=31

t=    0.0 E=5.4323e+03 (drift +0.000%) theta_rms=0.000e+00 Q_max=0.000e+00 Ept=0.00e+00 [0% 0s]
t=   19.7 E=5.4246e+03 (drift -0.142%) theta_rms=2.433e-02 Q_max=6.629e-04 Ept=-1.66e-02 [20% 8s]
t=   39.4 E=5.4186e+03 (drift -0.253%) theta_rms=3.286e-02 Q_max=4.889e-04 Ept=-4.42e-02 [39% 16s]
t=   59.0 E=5.4137e+03 (drift -0.342%) theta_rms=3.616e-02 Q_max=9.232e-04 Ept=-1.06e-01 [59% 23s]
t=   78.7 E=5.4119e+03 (drift -0.376%) theta_rms=3.978e-02 Q_max=6.772e-03 Ept=-1.00e+00 [79% 31s]
t=   98.4 E=5.4012e+03 (drift -0.573%) theta_rms=2.473e-01 Q_max=1.367e-01 Ept=-3.55e+02 [98% 39s]

=== Complete: 40s (0.7 min) ===
Output: data/theta_self/mu-1000_kap50000/timeseries.tsv
