=== V35 Cosserat + θ Self-Interaction ===
Equations:
  d²phi_a/dt² = lap(phi_a) - m²phi_a - V'(phi) + eta*curl(theta)_a
  d²theta_a/dt² = lap(theta_a) - m_t²theta_a + eta*curl(phi)_a - V_t'(theta)

  V(P) = (mu/2) P²/(1+kap P²),  P = phi_0 phi_1 phi_2
  V_t(Q) = (mu_t/2) Q²/(1+kap_t Q²),  Q = theta_0 theta_1 theta_2

phi:   mu=-41.345  kap=50.0  m²=2.2500
theta: mu_t=-1000.0  kap_t=5000.0  m_t²=0.0000
eta=0.500  bg=0.10
N=64 L=20 T=100 braids=1 D=20

Allocating 0.04 GB (4718592 doubles, N=64, 6 fields)
dx=0.6349 dt=0.06349 (factor=1.00) threads=4

Steps=1575 diag_every=31

t=    0.0 E=5.4323e+03 (drift +0.000%) theta_rms=0.000e+00 Q_max=0.000e+00 Ept=0.00e+00 [0% 0s]
t=   19.7 E=5.3534e+03 (drift -1.452%) theta_rms=1.842e-01 Q_max=2.310e-01 Ept=-9.36e+02 [20% 6s]
t=   39.4 E=4.9595e+03 (drift -8.704%) theta_rms=6.987e-01 Q_max=1.716e+01 Ept=-5.99e+03 [39% 14s]
t=   59.0 E=4.8285e+03 (drift -11.116%) theta_rms=6.144e-01 Q_max=4.291e+00 Ept=-5.91e+03 [59% 22s]
t=   78.7 E=4.7536e+03 (drift -12.495%) theta_rms=5.383e-01 Q_max=2.567e+00 Ept=-5.90e+03 [79% 30s]
t=   98.4 E=4.6946e+03 (drift -13.581%) theta_rms=5.643e-01 Q_max=1.852e+00 Ept=-5.91e+03 [98% 37s]

=== Complete: 38s (0.6 min) ===
Output: data/theta_self/mu-1000_kap5000/timeseries.tsv
