=== V35 Cosserat + θ Self-Interaction ===
Equations:
  d²phi_a/dt² = lap(phi_a) - m²phi_a - V'(phi) + eta*curl(theta)_a
  d²theta_a/dt² = lap(theta_a) - m_t²theta_a + eta*curl(phi)_a - V_t'(theta)

  V(P) = (mu/2) P²/(1+kap P²),  P = phi_0 phi_1 phi_2
  V_t(Q) = (mu_t/2) Q²/(1+kap_t Q²),  Q = theta_0 theta_1 theta_2

phi:   mu=-41.345  kap=50.0  m²=2.2500
theta: mu_t=-10000.0  kap_t=5000.0  m_t²=0.0000
eta=0.500  bg=0.10
N=64 L=20 T=100 braids=1 D=20

Allocating 0.04 GB (4718592 doubles, N=64, 6 fields)
dx=0.6349 dt=0.06349 (factor=1.00) threads=4

Steps=1575 diag_every=31

t=    0.0 E=5.4323e+03 (drift +0.000%) theta_rms=0.000e+00 Q_max=0.000e+00 Ept=0.00e+00 [0% 0s]
t=   19.7 E=1.5497e+05 (drift +2752.694%) theta_rms=1.412e+00 Q_max=6.375e+01 Ept=-5.55e+04 [20% 8s]
t=   39.4 E=1.2488e+06 (drift +22887.439%) theta_rms=1.564e+00 Q_max=8.819e+01 Ept=-6.46e+04 [39% 16s]
t=   59.0 E=3.0565e+06 (drift +56165.526%) theta_rms=1.949e+00 Q_max=2.318e+02 Ept=-6.52e+04 [59% 24s]
t=   78.7 E=6.9821e+06 (drift +128428.135%) theta_rms=4.947e+00 Q_max=4.708e+03 Ept=-6.71e+04 [79% 32s]
t=   98.4 E=1.5830e+07 (drift +291297.764%) theta_rms=8.685e+00 Q_max=1.620e+04 Ept=-6.71e+04 [98% 40s]

=== Complete: 40s (0.7 min) ===
Output: data/theta_self/mu-10000_kap5000/timeseries.tsv
