=== V35 Cosserat + θ Self-Interaction ===
Equations:
  d²phi_a/dt² = lap(phi_a) - m²phi_a - V'(phi) + eta*curl(theta)_a
  d²theta_a/dt² = lap(theta_a) - m_t²theta_a + eta*curl(phi)_a - V_t'(theta)

  V(P) = (mu/2) P²/(1+kap P²),  P = phi_0 phi_1 phi_2
  V_t(Q) = (mu_t/2) Q²/(1+kap_t Q²),  Q = theta_0 theta_1 theta_2

phi:   mu=-41.345  kap=50.0  m²=2.2500
theta: mu_t=-1000000.0  kap_t=5000.0  m_t²=0.0000
eta=0.500  bg=0.10
N=64 L=20 T=100 braids=1 D=20

Allocating 0.04 GB (4718592 doubles, N=64, 6 fields)
dx=0.6349 dt=0.06349 (factor=1.00) threads=4

Steps=1575 diag_every=31

t=    0.0 E=5.4323e+03 (drift +0.000%) theta_rms=0.000e+00 Q_max=0.000e+00 Ept=0.00e+00 [0% 0s]
t=   19.7 E=9.7847e+10 (drift +1801194294.943%) theta_rms=2.583e+02 Q_max=5.170e+09 Ept=-6.71e+06 [20% 7s]
t=   39.4 E=1.2842e+11 (drift +2364024092.462%) theta_rms=3.062e+02 Q_max=5.387e+09 Ept=-6.71e+06 [39% 12s]
t=   59.0 E=4.6755e+11 (drift +8606878819.633%) theta_rms=5.802e+02 Q_max=4.816e+10 Ept=-6.71e+06 [59% 17s]
t=   78.7 E=4.7582e+11 (drift +8759038054.345%) theta_rms=5.849e+02 Q_max=1.175e+10 Ept=-6.71e+06 [79% 21s]
t=   98.4 E=4.7465e+11 (drift +8737510661.882%) theta_rms=5.879e+02 Q_max=7.044e+09 Ept=-6.71e+06 [98% 26s]

=== Complete: 26s (0.4 min) ===
Output: data/theta_self/mu-1000000_kap5000/timeseries.tsv
