=== V35 Cosserat + θ Self-Interaction ===
Equations:
  d²phi_a/dt² = lap(phi_a) - m²phi_a - V'(phi) + eta*curl(theta)_a
  d²theta_a/dt² = lap(theta_a) - m_t²theta_a + eta*curl(phi)_a - V_t'(theta)

  V(P) = (mu/2) P²/(1+kap P²),  P = phi_0 phi_1 phi_2
  V_t(Q) = (mu_t/2) Q²/(1+kap_t Q²),  Q = theta_0 theta_1 theta_2

phi:   mu=-41.345  kap=50.0  m²=2.2500
theta: mu_t=-1000.0  kap_t=50.0  m_t²=0.0000
eta=0.500  bg=0.10
N=64 L=20 T=100 braids=1 D=20

Allocating 0.04 GB (4718592 doubles, N=64, 6 fields)
dx=0.6349 dt=0.06349 (factor=1.00) threads=4

Steps=1575 diag_every=31

t=    0.0 E=5.4323e+03 (drift +0.000%) theta_rms=0.000e+00 Q_max=0.000e+00 Ept=0.00e+00 [0% 0s]
t=   19.7 E=1.8581e+03 (drift -65.796%) theta_rms=2.572e+00 Q_max=6.964e+02 Ept=-2.01e+05 [20% 9s]
t=   39.4 E=9.4518e+05 (drift +17299.116%) theta_rms=6.184e+00 Q_max=2.860e+04 Ept=-6.58e+05 [39% 17s]
t=   59.0 E=2.0382e+07 (drift +375094.516%) theta_rms=5.318e+00 Q_max=1.316e+04 Ept=-6.57e+05 [59% 25s]
t=   78.7 E=1.0498e+08 (drift +1932482.792%) theta_rms=1.051e+01 Q_max=7.691e+04 Ept=-6.68e+05 [79% 33s]
t=   98.4 E=2.7353e+08 (drift +5035148.382%) theta_rms=1.798e+01 Q_max=2.980e+05 Ept=-6.70e+05 [98% 41s]

=== Complete: 41s (0.7 min) ===
Output: data/theta_self/mu-1000_kap50/timeseries.tsv
