=== V35 Cosserat + θ Self-Interaction ===
Equations:
  d²phi_a/dt² = lap(phi_a) - m²phi_a - V'(phi) + eta*curl(theta)_a
  d²theta_a/dt² = lap(theta_a) - m_t²theta_a + eta*curl(phi)_a - V_t'(theta)

  V(P) = (mu/2) P²/(1+kap P²),  P = phi_0 phi_1 phi_2
  V_t(Q) = (mu_t/2) Q²/(1+kap_t Q²),  Q = theta_0 theta_1 theta_2

phi:   mu=-41.345  kap=50.0  m²=2.2500
theta: mu_t=-10000.0  kap_t=50000.0  m_t²=0.0000
eta=0.500  bg=0.10
N=64 L=20 T=100 braids=1 D=20

Allocating 0.04 GB (4718592 doubles, N=64, 6 fields)
dx=0.6349 dt=0.06349 (factor=1.00) threads=4

Steps=1575 diag_every=31

t=    0.0 E=5.4323e+03 (drift +0.000%) theta_rms=0.000e+00 Q_max=0.000e+00 Ept=0.00e+00 [0% 0s]
t=   19.7 E=4.9563e+03 (drift -8.763%) theta_rms=4.172e-01 Q_max=4.988e-01 Ept=-4.92e+03 [20% 7s]
t=   39.4 E=4.8618e+03 (drift -10.502%) theta_rms=4.309e-01 Q_max=4.634e-01 Ept=-6.29e+03 [39% 15s]
t=   59.0 E=5.0025e+03 (drift -7.912%) theta_rms=4.280e-01 Q_max=3.508e-01 Ept=-6.31e+03 [59% 23s]
t=   78.7 E=5.0744e+03 (drift -6.589%) theta_rms=4.394e-01 Q_max=3.324e-01 Ept=-6.34e+03 [79% 31s]
t=   98.4 E=5.1679e+03 (drift -4.867%) theta_rms=4.413e-01 Q_max=3.371e-01 Ept=-6.36e+03 [98% 38s]

=== Complete: 39s (0.7 min) ===
Output: data/theta_self/mu-10000_kap50000/timeseries.tsv
