=== V35 Cosserat + θ Self-Interaction ===
Equations:
  d²phi_a/dt² = lap(phi_a) - m²phi_a - V'(phi) + eta*curl(theta)_a
  d²theta_a/dt² = lap(theta_a) - m_t²theta_a + eta*curl(phi)_a - V_t'(theta)

  V(P) = (mu/2) P²/(1+kap P²),  P = phi_0 phi_1 phi_2
  V_t(Q) = (mu_t/2) Q²/(1+kap_t Q²),  Q = theta_0 theta_1 theta_2

phi:   mu=-41.345  kap=50.0  m²=2.2500
theta: mu_t=-1000000.0  kap_t=50.0  m_t²=0.0000
eta=0.500  bg=0.10
N=64 L=20 T=100 braids=1 D=20

Allocating 0.04 GB (4718592 doubles, N=64, 6 fields)
dx=0.6349 dt=0.06349 (factor=1.00) threads=4

Steps=1575 diag_every=31

t=    0.0 E=5.4323e+03 (drift +0.000%) theta_rms=0.000e+00 Q_max=0.000e+00 Ept=0.00e+00 [0% 0s]
t=   19.7 E=5.6239e+13 (drift +1035271114440.970%) theta_rms=6.448e+03 Q_max=4.208e+13 Ept=-6.71e+08 [20% 9s]
t=   39.4 E=5.6184e+13 (drift +1034251606294.125%) theta_rms=6.656e+03 Q_max=3.130e+13 Ept=-6.71e+08 [39% 17s]
t=   59.0 E=5.5955e+13 (drift +1030041978399.658%) theta_rms=7.132e+03 Q_max=1.537e+13 Ept=-6.71e+08 [59% 25s]
t=   78.7 E=5.6239e+13 (drift +1035259040126.396%) theta_rms=7.532e+03 Q_max=1.077e+13 Ept=-6.71e+08 [79% 33s]
t=   98.4 E=5.6289e+13 (drift +1036190299055.181%) theta_rms=8.170e+03 Q_max=6.690e+12 Ept=-6.71e+08 [98% 40s]

=== Complete: 41s (0.7 min) ===
Output: data/theta_self/mu-1000000_kap50/timeseries.tsv
