=== V35 Cosserat + θ Self-Interaction ===
Equations:
  d²phi_a/dt² = lap(phi_a) - m²phi_a - V'(phi) + eta*curl(theta)_a
  d²theta_a/dt² = lap(theta_a) - m_t²theta_a + eta*curl(phi)_a - V_t'(theta)

  V(P) = (mu/2) P²/(1+kap P²),  P = phi_0 phi_1 phi_2
  V_t(Q) = (mu_t/2) Q²/(1+kap_t Q²),  Q = theta_0 theta_1 theta_2

phi:   mu=-41.345  kap=50.0  m²=2.2500
theta: mu_t=-100000.0  kap_t=50000.0  m_t²=0.0000
eta=0.500  bg=0.10
N=64 L=20 T=100 braids=1 D=20

Allocating 0.04 GB (4718592 doubles, N=64, 6 fields)
dx=0.6349 dt=0.06349 (factor=1.00) threads=4

Steps=1575 diag_every=31

t=    0.0 E=5.4323e+03 (drift +0.000%) theta_rms=0.000e+00 Q_max=0.000e+00 Ept=0.00e+00 [0% 0s]
t=   19.7 E=1.0289e+06 (drift +18840.938%) theta_rms=1.758e+00 Q_max=3.112e+02 Ept=-6.24e+04 [20% 8s]
t=   39.4 E=8.3035e+06 (drift +152754.008%) theta_rms=2.690e+00 Q_max=1.100e+03 Ept=-6.66e+04 [39% 17s]
t=   59.0 E=2.1027e+07 (drift +386974.213%) theta_rms=4.120e+00 Q_max=3.715e+03 Ept=-6.69e+04 [59% 25s]
t=   78.7 E=3.9817e+07 (drift +732861.939%) theta_rms=6.080e+00 Q_max=3.102e+04 Ept=-6.70e+04 [79% 33s]
t=   98.4 E=6.4965e+07 (drift +1195790.316%) theta_rms=7.942e+00 Q_max=6.633e+04 Ept=-6.71e+04 [98% 41s]

=== Complete: 42s (0.7 min) ===
Output: data/theta_self/mu-100000_kap50000/timeseries.tsv
