=== V35 Cosserat + θ Self-Interaction ===
Equations:
  d²phi_a/dt² = lap(phi_a) - m²phi_a - V'(phi) + eta*curl(theta)_a
  d²theta_a/dt² = lap(theta_a) - m_t²theta_a + eta*curl(phi)_a - V_t'(theta)

  V(P) = (mu/2) P²/(1+kap P²),  P = phi_0 phi_1 phi_2
  V_t(Q) = (mu_t/2) Q²/(1+kap_t Q²),  Q = theta_0 theta_1 theta_2

phi:   mu=-41.345  kap=50.0  m²=2.2500
theta: mu_t=-500000.0  kap_t=5000.0  m_t²=0.0000
eta=0.500  bg=0.10
N=64 L=20 T=100 braids=1 D=20

Allocating 0.04 GB (4718592 doubles, N=64, 6 fields)
dx=0.6349 dt=0.06349 (factor=1.00) threads=4

Steps=1575 diag_every=31

t=    0.0 E=5.4323e+03 (drift +0.000%) theta_rms=0.000e+00 Q_max=0.000e+00 Ept=0.00e+00 [0% 0s]
t=   19.7 E=9.0635e+10 (drift +1668434198.299%) theta_rms=2.493e+02 Q_max=2.564e+10 Ept=-3.35e+06 [20% 8s]
t=   39.4 E=1.3219e+11 (drift +2433468824.962%) theta_rms=3.089e+02 Q_max=2.525e+09 Ept=-3.35e+06 [39% 16s]
t=   59.0 E=2.2416e+11 (drift +4126377595.591%) theta_rms=4.133e+02 Q_max=2.037e+10 Ept=-3.35e+06 [59% 25s]
t=   78.7 E=2.3690e+11 (drift +4360848536.098%) theta_rms=4.352e+02 Q_max=4.743e+09 Ept=-3.35e+06 [79% 32s]
t=   98.4 E=2.3700e+11 (drift +4362867176.112%) theta_rms=4.635e+02 Q_max=2.424e+09 Ept=-3.35e+06 [98% 40s]

=== Complete: 41s (0.7 min) ===
Output: data/theta_self/mu-500000_kap5000/timeseries.tsv
