======================================================================
  EVOLUTIONARY FIELD SEARCH
======================================================================
  N=32 L=15.0 dx=0.9677 dt=0.09677
  Population: 64, Elite: 6
  T_eval=20.0 (206 steps)
  Generations: 500
  R_seed=5.0 R_clamp=6.0 R_damp=11.0
  Mutation rate: 0.1

  JIT compiling... done (4.3s)

  Initializing population... done

 Gen     BstFit    BstEpot  BstPint BstRrms    MeanFit Alive   Time
-------------------------------------------------------------------
   0    -0.0039    -0.0000     0.00   9.404    -0.0049     0    0.3s
  10    -0.0033    -0.0000     0.01   8.675    -0.0037     0    0.3s
  20    -0.0028    -0.0000     0.01   7.928    -0.0029     0    0.3s
  30    -0.0024    -0.0001     0.06   7.485    -0.0025     0    0.3s
  40    -0.0011    -0.0013     0.18   7.337    -0.0015     0    0.3s
  50     0.0085    -0.0109     0.46   7.244     0.0056     0    0.3s
  60     0.1015    -0.1037     0.95   7.075     0.0715     0    0.3s
  70     0.2152    -0.2179     0.98   7.724     0.2080     0    0.4s
  80     0.2559    -0.2587     1.07   7.806     0.2461     0    0.3s
  90     0.3010    -0.3037     1.21   7.847     0.2893     0    0.3s
 100     0.3559    -0.3587     1.34   7.868     0.3416     0    0.3s
 110     0.4138    -0.4165     1.51   7.798     0.3993     0    0.3s
 120     0.4808    -0.4835     1.67   7.787     0.4583     0    0.3s
 130     0.5462    -0.5489     1.82   7.701     0.5310    63    0.3s
 140     0.6104    -0.6130     1.96   7.748     0.5912    64    0.3s
 150     0.6574    -0.6601     2.04   7.748     0.6440    64    0.3s
 160     0.7142    -0.7170     2.16   7.830     0.6969    64    0.3s
 170     0.7690    -0.7718     2.23   7.865     0.7543    64    0.3s
 180     0.8286    -0.8314     2.34   7.825     0.8081    64    0.3s
 190     0.8931    -0.8957     2.48   7.746     0.8788    64    0.3s
 200     0.9613    -0.9639     2.60   7.761     0.9412    64    0.3s
 210     1.0364    -1.0390     2.77   7.691     1.0150    64    0.3s
 220     1.1508    -1.1534     2.93   7.625     1.1244    64    0.3s
 230     1.3201    -1.3226     3.22   7.565     1.2848    64    0.3s
 240     1.5744    -1.5769     3.51   7.505     1.5283    64    0.3s
 250     1.8542    -1.8567     3.88   7.451     1.8150    64    0.3s
 260     2.0564    -2.0588     4.12   7.372     2.0187    64    0.3s
 270     2.2231    -2.2255     4.39   7.378     2.1818    64    0.3s
 280     2.3849    -2.3873     4.69   7.375     2.3420    64    0.3s
 290     2.5669    -2.5693     4.94   7.341     2.5243    64    0.3s
 300     2.7422    -2.7446     5.16   7.323     2.6687    64    0.3s
 310     2.9153    -2.9177     5.43   7.345     2.8315    64    0.3s
 320     3.0572    -3.0596     5.61   7.344     2.9840    64    0.3s
 330     3.1963    -3.1987     5.78   7.348     3.0854    64    0.3s
 340     3.3044    -3.3068     5.92   7.333     3.2237    64    0.3s
 350     3.3940    -3.3963     6.03   7.321     3.3156    64    0.3s
 360     3.5226    -3.5250     6.13   7.330     3.4129    64    0.3s
 370     3.6100    -3.6124     6.23   7.316     3.4925    64    0.4s
 380     3.6638    -3.6661     6.27   7.303     3.5614    64    0.3s
 390     3.7250    -3.7274     6.34   7.299     3.6181    64    0.3s
 400     3.7854    -3.7877     6.39   7.299     3.7060    64    0.3s
 410     3.8378    -3.8402     6.47   7.289     3.7406    64    0.3s
 420     3.8954    -3.8978     6.53   7.280     3.8231    64    0.3s
 430     3.9432    -3.9455     6.57   7.285     3.8742    64    0.3s
 440     3.9938    -3.9961     6.64   7.273     3.9252    64    0.3s
 450     4.0283    -4.0307     6.67   7.272     3.9706    64    0.3s
 460     4.0700    -4.0723     6.69   7.262     4.0006    64    0.3s
 470     4.0975    -4.0999     6.71   7.268     4.0371    64    0.3s
 480     4.1183    -4.1207     6.72   7.259     4.0520    64    0.3s
 490     4.1420    -4.1444     6.74   7.261     4.0830    64    0.3s
 499     4.1722    -4.1745     6.77   7.262     4.0903    64    0.3s

======================================================================
  EVOLUTION COMPLETE
======================================================================
  Best fitness: 4.172160
  E_pot(T): -4.1745
  P_int(T): 6.7745
  R_rms(T): 7.2623
  Saved to /root/results_T20/best_final.npz
