======================================================================
  EVOLUTIONARY FIELD SEARCH
======================================================================
  N=32 L=15.0 dx=0.9677 dt=0.09677
  Population: 64, Elite: 6
  T_eval=30.0 (309 steps)
  Generations: 500
  R_seed=5.0 R_clamp=6.0 R_damp=11.0
  Mutation rate: 0.1

  JIT compiling... done (4.1s)

  Initializing population... done

 Gen     BstFit    BstEpot  BstPint BstRrms    MeanFit Alive   Time
-------------------------------------------------------------------
   0    -0.0065    -0.0000     0.00  12.092    -0.0083     0    0.4s
  10    -0.0055    -0.0000     0.00  11.100    -0.0059     0    0.5s
  20    -0.0049    -0.0000     0.01  10.486    -0.0051     0    0.5s
  30    -0.0045    -0.0000     0.01  10.022    -0.0046     0    0.5s
  40    -0.0041    -0.0000     0.03   9.649    -0.0042     0    0.5s
  50    -0.0040    -0.0000     0.04   9.525    -0.0041     0    0.4s
  60    -0.0037    -0.0002     0.08   9.321    -0.0038     0    0.5s
  70    -0.0031    -0.0006     0.15   9.144    -0.0032     0    0.5s
  80    -0.0022    -0.0015     0.21   9.156    -0.0023     0    0.4s
  90    -0.0010    -0.0027     0.25   9.072    -0.0012     0    0.4s
 100     0.0005    -0.0042     0.29   9.095     0.0002     0    0.4s
 110     0.0026    -0.0063     0.32   9.130     0.0022     0    0.4s
 120     0.0058    -0.0095     0.36   9.058     0.0053     0    0.5s
 130     0.0101    -0.0138     0.40   9.083     0.0096     0    0.4s
 140     0.0161    -0.0198     0.47   9.198     0.0153     0    0.4s
 150     0.0242    -0.0278     0.53   9.092     0.0227     0    0.4s
 160     0.0335    -0.0372     0.59   9.109     0.0315     0    0.4s
 170     0.0439    -0.0476     0.65   9.101     0.0425     0    0.4s
 180     0.0562    -0.0598     0.71   8.993     0.0547     0    0.4s
 190     0.0691    -0.0727     0.77   9.023     0.0673     0    0.4s
 200     0.0833    -0.0869     0.82   8.979     0.0816     0    0.4s
 210     0.0994    -0.1029     0.89   8.911     0.0971     0    0.4s
 220     0.1158    -0.1193     0.96   8.870     0.1130     0    0.4s
 230     0.1361    -0.1395     1.03   8.771     0.1338     0    0.4s
 240     0.1576    -0.1610     1.12   8.731     0.1549     0    0.4s
 250     0.1768    -0.1801     1.20   8.737     0.1739     0    0.4s
 260     0.1973    -0.2006     1.27   8.682     0.1945     0    0.4s
 270     0.2175    -0.2208     1.33   8.600     0.2148     0    0.4s
 280     0.2357    -0.2389     1.38   8.547     0.2337     0    0.4s
 290     0.2520    -0.2552     1.43   8.556     0.2497     0    0.4s
 300     0.2678    -0.2711     1.48   8.568     0.2651     0    0.4s
 310     0.2826    -0.2858     1.51   8.550     0.2798     0    0.4s
 320     0.2994    -0.3026     1.55   8.527     0.2967     0    0.4s
 330     0.3140    -0.3172     1.60   8.487     0.3115     0    0.4s
 340     0.3304    -0.3336     1.65   8.489     0.3279     0    0.4s
 350     0.3448    -0.3480     1.66   8.476     0.3425     0    0.5s
 360     0.3592    -0.3624     1.71   8.459     0.3576     0    0.4s
 370     0.3734    -0.3765     1.74   8.439     0.3717     0    0.4s
 380     0.3870    -0.3902     1.77   8.428     0.3851     0    0.4s
 390     0.3990    -0.4021     1.80   8.415     0.3975     0    0.4s
 400     0.4100    -0.4132     1.81   8.405     0.4083     0    0.4s
 410     0.4206    -0.4237     1.86   8.409     0.4190     0    0.4s
 420     0.4297    -0.4328     1.88   8.405     0.4278     0    0.4s
 430     0.4373    -0.4404     1.89   8.397     0.4362     0    0.4s
 440     0.4461    -0.4493     1.91   8.395     0.4452     0    0.4s
 450     0.4529    -0.4560     1.93   8.379     0.4519     0    0.4s
 460     0.4588    -0.4619     1.94   8.371     0.4582     0    0.4s
 470     0.4652    -0.4684     1.96   8.368     0.4644     0    0.4s
 480     0.4717    -0.4748     1.96   8.357     0.4708     0    0.4s
 490     0.4788    -0.4819     1.98   8.355     0.4778     0    0.4s
 499     0.4845    -0.4876     1.99   8.356     0.4834     0    0.4s

======================================================================
  EVOLUTION COMPLETE
======================================================================
  Best fitness: 0.484479
  E_pot(T): -0.4876
  P_int(T): 1.9944
  R_rms(T): 8.3557
  Saved to /root/results_T30/best_final.npz
