E0321 12:57:43.737497     514 cuda_executor.cc:1743] Could not get kernel mode driver version: ( INVALID_ARGUMENT: Version does not match the format X.Y.Z )
E0321 12:57:43.750395     407 cuda_executor.cc:1743] Could not get kernel mode driver version: ( INVALID_ARGUMENT: Version does not match the format X.Y.Z )
=== Structure Search via Backprop ===
N=32, L=12.0, dx=0.7742, dt=0.07742
T_opt=30.0, n_steps=387
Seed: braid, epochs: 300, lr: 0.001
Parameters per field: 32768, total: 98304

Seeded from braid3(z)
Epoch       Loss       Bind     E_pot0     E_potT   P_int0   P_intT   Rrms   Time
------------------------------------------------------------------------------------------
    0     1.8928     1.9903     -70.24    -139.79    138.0    133.6   9.05    6.5s
   10     1.7604     1.8350     -71.18    -130.62    137.8    126.9   9.04    0.1s
   20     1.6635     1.7246     -71.91    -124.02    137.6    123.1   9.04    0.1s
   30     1.5779     1.6282     -72.72    -118.40    137.6    120.4   9.05    0.1s
   40     1.5059     1.5264     -73.31    -111.90    137.8    112.8   9.07    0.1s
   50     1.4404     1.4443     -73.84    -106.65    137.8    108.7   9.08    0.1s
   60     1.3783     1.3632     -74.37    -101.38    137.9    103.9   9.10    0.1s
   70     1.3173     1.2874     -74.87     -96.39    137.8    100.2   9.12    0.1s
   80     1.2581     1.2115     -75.36     -91.30    137.7     95.9   9.14    0.1s
   90     1.2463     1.1956     -75.72     -90.53    137.7     95.2   9.15    0.1s
  100     1.2241     1.1584     -76.01     -88.06    137.8     92.0   9.17    0.1s
  110     1.1740     1.0901     -76.30     -83.17    137.8     87.7   9.19    0.1s
  120     1.1308     1.0307     -76.59     -78.94    137.8     83.8   9.22    0.1s
  130     1.0976     0.9879     -76.83     -75.91    137.6     81.3   9.23    0.1s
  140     1.0595     0.9358     -77.10     -72.15    137.6     77.9   9.25    0.1s
  150     1.0247     0.8889     -77.37     -68.77    137.6     74.9   9.27    0.1s
  160     0.9948     0.8483     -77.61     -65.84    137.5     72.3   9.29    0.1s
  170     1.0155     0.8696     -77.82     -67.67    137.6     73.1   9.31    0.1s
  180     0.9874     0.8345     -78.06     -65.14    137.5     71.5   9.32    0.1s
  190     0.9541     0.7896     -78.29     -61.82    137.4     68.6   9.33    0.1s
  200     0.9242     0.7483     -78.52     -58.76    137.4     65.9   9.35    0.1s
  210     0.8972     0.7111     -78.72     -55.98    137.3     63.4   9.37    0.1s
  220     0.8722     0.6770     -78.91     -53.42    137.3     61.2   9.39    0.1s
  230     0.8492     0.6451     -79.10     -51.03    137.2     59.1   9.41    0.1s
  240     0.8279     0.6155     -79.27     -48.79    137.2     57.1   9.42    0.1s
  250     0.8082     0.5885     -79.44     -46.75    137.1     55.4   9.44    0.1s
  260     0.7892     0.5622     -79.60     -44.75    137.0     53.7   9.45    0.1s
  270     0.7697     0.5353     -79.75     -42.69    136.9     51.9   9.46    0.1s
  280     0.7511     0.5095     -79.90     -40.70    136.9     50.2   9.48    0.1s
  290     0.7333     0.4845     -80.04     -38.78    136.8     48.5   9.49    0.1s
  299     0.7172     0.4621     -80.16     -37.04    136.7     47.0   9.50    0.1s

Total time: 22s (0.4 min)
Best loss: 0.717164

=== Final evaluation (2x time) ===
E_pot: -80.17 -> -87.42 (109.0% retained)
P_int: 136.7 -> 79.5
R_rms: 12.36

Results saved to /root/results/
