JAX devices: [CudaDevice(id=0)]
JAX default backend: gpu

================================================================================
  FIELD SEARCH: Random Sphere -> Soliton via Backprop
================================================================================
  Grid:       N=48, L=15.0, dx=0.6383, dt=0.06383
  Seeds:      16
  Epochs:     1500
  LR:         0.001
  R_seed:     5.0, R_clamp: 6.0, R_damp: 11.0
  Params/seed: 331776 (phi) + 331776 (vel) = 663552
  Memory est: 42.5 MB (f32 fields)
  Output:     /root/results_n48/

  All 16 seeds: random (amplitude=0.5)

  Pre-compiling loss functions for curriculum stages...
    T_opt=5 -> n_steps=78
    T_opt=10 -> n_steps=156
    T_opt=20 -> n_steps=313
    T_opt=30 -> n_steps=469

  Warm-up JIT compilation... done (8.6s)

Epoch T_opt    BstLoss   BstEpotT  BstRrms   MeanLoss Alive   Time
------------------------------------------------------------------
    0     5     0.0073    -0.0000    4.045     0.0085     0    1.4s
   10     5     0.0048    -0.0000    3.252     0.0053     0    0.7s
   20     5     0.0033    -0.0000    2.680     0.0038     0    0.7s
   30     5     0.0024    -0.0000    2.280     0.0030     0    0.7s
   40     5     0.0018    -0.0000    1.973     0.0024     0    0.7s
   50     5     0.0014    -0.0000    1.744     0.0020     0    0.7s
   60     5     0.0011    -0.0000    1.575     0.0016     0    0.7s
   70     5     0.0010    -0.0000    1.447     0.0013     0    0.7s
   80     5     0.0008    -0.0000    1.349     0.0011     0    0.7s
   90     5     0.0007    -0.0000    1.273     0.0010     0    0.8s
  100     5     0.0007    -0.0000    1.212     0.0008     0    0.7s
  110     5     0.0006    -0.0000    1.161     0.0007     0    0.8s
  120     5     0.0006    -0.0000    1.119     0.0007     0    0.8s
  130     5     0.0005    -0.0000    1.081     0.0006     0    0.7s
  140     5     0.0005    -0.0000    1.047     0.0006     0    0.7s
  150     5     0.0005    -0.0000    1.001     0.0005     0    0.7s
  160     5     0.0004    -0.0000    0.959     0.0005     0    0.7s
  170     5     0.0004    -0.0000    0.923     0.0004     0    0.8s
  180     5     0.0004    -0.0000    0.890     0.0004     0    0.7s
  190     5     0.0003    -0.0000    0.859     0.0004     0    0.7s
  --- Curriculum: T_opt -> 10 (n_steps=156) ---
  200    10     0.0050    -0.0000    3.349     0.0055     0    9.4s
  210    10     0.0036    -0.0000    2.852     0.0040     0    1.2s
  220    10     0.0028    -0.0000    2.456     0.0030     0    1.1s
  230    10     0.0024    -0.0000    2.267     0.0026     0    1.2s
  240    10     0.0021    -0.0000    2.169     0.0023     0    1.2s
  250    10     0.0019    -0.0000    2.062     0.0022     0    1.2s
  260    10     0.0018    -0.0000    1.974     0.0020     0    1.2s
  270    10     0.0016    -0.0000    1.890     0.0019     0    1.2s
  280    10     0.0015    -0.0000    1.804     0.0018     0    1.2s
  290    10     0.0013    -0.0000    1.711     0.0017     0    1.2s
  300    10     0.0012    -0.0000    1.609     0.0017     0    1.2s
  310    10     0.0010    -0.0000    1.504     0.0016     0    1.2s
  320    10     0.0009    -0.0000    1.401     0.0015     0    1.2s
  330    10     0.0008    -0.0000    1.308     0.0015     0    1.2s
  340    10     0.0007    -0.0000    1.232     0.0014     0    1.2s
  350    10     0.0006    -0.0000    1.172     0.0013     0    1.2s
  360    10     0.0006    -0.0000    1.126     0.0012     0    1.2s
  370    10     0.0005    -0.0000    1.091     0.0011     0    1.2s
  380    10     0.0005    -0.0000    1.062     0.0010     0    1.2s
  390    10     0.0005    -0.0000    1.039     0.0010     0    1.2s
  400    10     0.0005    -0.0000    1.001     0.0009     0    1.2s
  410    10     0.0004    -0.0000    0.971     0.0008     0    1.2s
  420    10     0.0004    -0.0000    0.946     0.0008     0    1.2s
  430    10     0.0004    -0.0000    0.925     0.0007     0    1.2s
  440    10     0.0004    -0.0000    0.906     0.0007     0    1.2s
  450    10     0.0004    -0.0000    0.890     0.0006     0    1.2s
  460    10     0.0003    -0.0000    0.874     0.0006     0    1.1s
  470    10     0.0003    -0.0000    0.860     0.0005     0    1.2s
  480    10     0.0003    -0.0000    0.847     0.0005     0    1.2s
  490    10     0.0003    -0.0000    0.836     0.0005     0    1.2s
  --- Curriculum: T_opt -> 20 (n_steps=313) ---
  500    20     0.0081    -0.0000    4.263     0.0091     0   10.2s
  510    20     0.0045    -0.0000    3.165     0.0053     0    2.0s
  520    20     0.0031    -0.0000    2.616     0.0038     0    2.0s
  530    20     0.0025    -0.0000    2.365     0.0032     0    2.0s
  540    20     0.0022    -0.0000    2.202     0.0028     0    2.1s
  550    20     0.0020    -0.0000    2.105     0.0026     0    2.0s
  560    20     0.0019    -0.0000    2.049     0.0024     0    2.1s
  570    20     0.0018    -0.0000    2.014     0.0022     0    2.1s
  580    20     0.0018    -0.0000    1.989     0.0021     0    2.0s
  590    20     0.0017    -0.0000    1.970     0.0020     0    2.1s
  600    20     0.0017    -0.0000    1.955     0.0019     0    2.1s
  610    20     0.0017    -0.0000    1.942     0.0019     0    2.1s
  620    20     0.0017    -0.0000    1.930     0.0018     0    2.1s
  630    20     0.0016    -0.0000    1.918     0.0018     0    2.1s
  640    20     0.0016    -0.0000    1.906     0.0018     0    2.0s
  650    20     0.0016    -0.0000    1.880     0.0018     0    2.0s
  660    20     0.0015    -0.0000    1.859     0.0017     0    2.0s
  670    20     0.0015    -0.0000    1.837     0.0017     0    2.0s
  680    20     0.0015    -0.0000    1.815     0.0017     0    2.0s
  690    20     0.0014    -0.0000    1.792     0.0017     0    2.0s
  700    20     0.0014    -0.0000    1.769     0.0016     0    2.0s
  710    20     0.0014    -0.0000    1.746     0.0016     0    2.0s
  720    20     0.0013    -0.0000    1.723     0.0016     0    2.1s
  730    20     0.0013    -0.0000    1.700     0.0016     0    2.1s
  740    20     0.0013    -0.0000    1.678     0.0015     0    2.1s
  750    20     0.0012    -0.0000    1.657     0.0015     0    2.0s
  760    20     0.0012    -0.0000    1.637     0.0015     0    2.0s
  770    20     0.0012    -0.0000    1.618     0.0015     0    2.0s
  780    20     0.0011    -0.0000    1.600     0.0014     0    2.1s
  790    20     0.0011    -0.0000    1.583     0.0014     0    2.1s
  800    20     0.0011    -0.0000    1.567     0.0014     0    2.0s
  810    20     0.0011    -0.0000    1.552     0.0014     0    2.0s
  820    20     0.0011    -0.0000    1.536     0.0013     0    2.0s
  830    20     0.0010    -0.0000    1.521     0.0013     0    2.0s
  840    20     0.0010    -0.0000    1.506     0.0013     0    2.1s
  850    20     0.0010    -0.0000    1.490     0.0013     0    2.1s
  860    20     0.0010    -0.0000    1.474     0.0012     0    2.1s
  870    20     0.0009    -0.0000    1.456     0.0012     0    2.1s
  880    20     0.0009    -0.0000    1.439     0.0012     0    2.0s
  890    20     0.0009    -0.0000    1.421     0.0011     0    2.0s
  900    20     0.0009    -0.0000    1.402     0.0011     0    2.1s
  910    20     0.0008    -0.0000    1.381     0.0011     0    2.1s
  920    20     0.0008    -0.0000    1.365     0.0011     0    2.1s
  930    20     0.0008    -0.0000    1.354     0.0010     0    2.1s
  940    20     0.0008    -0.0000    1.332     0.0010     0    2.1s
  950    20     0.0008    -0.0000    1.329     0.0010     0    2.1s
  960    20     0.0008    -0.0000    1.308     0.0010     0    2.1s
  970    20     0.0007    -0.0000    1.295     0.0009     0    2.0s
  980    20     0.0008    -0.0000    1.301     0.0009     0    2.0s
  990    20     0.0007    -0.0000    1.294     0.0009     0    2.0s
  --- Curriculum: T_opt -> 30 (n_steps=469) ---
 1000    30     0.0023    -0.0000    2.297     0.0030     0   11.3s
 1010    30     0.0020    -0.0000    2.098     0.0024     0    2.9s
 1020    30     0.0018    -0.0000    2.017     0.0021     0    2.9s
 1030    30     0.0017    -0.0000    1.972     0.0020     0    2.9s
 1040    30     0.0017    -0.0000    1.963     0.0019     0    3.0s
 1050    30     0.0017    -0.0000    1.957     0.0019     0    2.9s
 1060    30     0.0017    -0.0000    1.955     0.0018     0    3.0s
 1070    30     0.0017    -0.0000    1.955     0.0018     0    3.0s
 1080    30     0.0017    -0.0000    1.955     0.0018     0    2.9s
 1090    30     0.0017    -0.0000    1.955     0.0018     0    2.9s
 1100    30     0.0017    -0.0000    1.954     0.0017     0    2.9s
 1110    30     0.0017    -0.0000    1.953     0.0017     0    2.9s
 1120    30     0.0017    -0.0000    1.952     0.0017     0    2.9s
 1130    30     0.0017    -0.0000    1.951     0.0017     0    2.9s
 1140    30     0.0017    -0.0000    1.950     0.0017     0    2.9s
 1150    30     0.0017    -0.0000    1.948     0.0017     0    2.9s
