JAX devices: [CudaDevice(id=0)]
JAX default backend: gpu

================================================================================
  FIELD SEARCH: Random Sphere -> Soliton via Backprop
================================================================================
  Grid:       N=32, L=15.0, dx=0.9677, dt=0.09677
  Seeds:      16
  Epochs:     1500
  LR:         0.001
  R_seed:     5.0, R_clamp: 6.0, R_damp: 11.0
  Params/seed: 98304 (phi) + 98304 (vel) = 196608
  Memory est: 12.6 MB (f32 fields)
  Output:     /root/results_n32/

  All 16 seeds: random (amplitude=0.5)

  Pre-compiling loss functions for curriculum stages...
    T_opt=5 -> n_steps=51
    T_opt=10 -> n_steps=103
    T_opt=20 -> n_steps=206
    T_opt=30 -> n_steps=309

  Warm-up JIT compilation... done (10.7s)

Epoch T_opt    BstLoss   BstEpotT  BstRrms   MeanLoss Alive   Time
------------------------------------------------------------------
    0     5     0.0195    -0.0000    3.800     0.0215     0    1.1s
   10     5     0.0115    -0.0000    2.913     0.0132     0    0.5s
   20     5     0.0078    -0.0000    2.394     0.0094     0    0.5s
   30     5     0.0060    -0.0000    2.091     0.0074     0    0.5s
   40     5     0.0048    -0.0001    1.858     0.0060     0    0.5s
   50     5     0.0040    -0.0001    1.678     0.0050     0    0.5s
   60     5     0.0035    -0.0002    1.548     0.0043     0    0.5s
   70     5     0.0031    -0.0001    1.464     0.0037     0    0.5s
   80     5     0.0027    -0.0001    1.380     0.0032     0    0.5s
   90     5     0.0024    -0.0001    1.306     0.0028     0    0.5s
  100     5     0.0022    -0.0000    1.238     0.0025     0    0.5s
  110     5     0.0020    -0.0000    1.176     0.0022     0    0.5s
  120     5     0.0018    -0.0000    1.113     0.0020     0    0.5s
  130     5     0.0016    -0.0000    1.056     0.0018     0    0.5s
  140     5     0.0015    -0.0000    1.007     0.0017     0    0.5s
  150     5     0.0013    -0.0000    0.967     0.0015     0    0.5s
  160     5     0.0013    -0.0000    0.930     0.0014     0    0.5s
  170     5     0.0012    -0.0000    0.903     0.0013     0    0.5s
  180     5     0.0011    -0.0000    0.883     0.0013     0    0.5s
  190     5     0.0011    -0.0000    0.869     0.0012     0    0.5s
  --- Curriculum: T_opt -> 20 (n_steps=206) ---
  200    20     0.0663    -0.0000    7.047     0.0855     0   11.6s
  210    20     0.0359    -0.0000    5.181     0.0463     0    0.9s
  220    20     0.0249    -0.0000    4.307     0.0321     0    0.8s
  230    20     0.0200    -0.0000    3.860     0.0271     0    0.9s
  240    20     0.0169    -0.0000    3.549     0.0239     0    0.8s
  250    20     0.0150    -0.0000    3.339     0.0213     0    0.8s
  260    20     0.0137    -0.0000    3.187     0.0191     0    0.8s
  270    20     0.0127    -0.0000    3.071     0.0172     0    0.8s
  280    20     0.0120    -0.0000    2.979     0.0157     0    0.8s
  290    20     0.0114    -0.0000    2.904     0.0144     0    0.8s
  300    20     0.0109    -0.0000    2.842     0.0134     0    0.8s
  310    20     0.0105    -0.0000    2.790     0.0127     0    0.8s
  320    20     0.0101    -0.0000    2.737     0.0120     0    0.8s
  330    20     0.0098    -0.0000    2.690     0.0115     0    0.8s
  340    20     0.0095    -0.0000    2.648     0.0111     0    0.9s
  350    20     0.0092    -0.0000    2.608     0.0108     0    0.8s
  360    20     0.0089    -0.0000    2.571     0.0105     0    0.8s
  370    20     0.0087    -0.0000    2.534     0.0103     0    0.9s
  380    20     0.0084    -0.0000    2.497     0.0101     0    0.8s
  390    20     0.0082    -0.0000    2.459     0.0099     0    0.9s
  400    20     0.0079    -0.0000    2.420     0.0097     0    0.9s
  410    20     0.0076    -0.0000    2.379     0.0096     0    0.8s
  420    20     0.0074    -0.0000    2.335     0.0094     0    0.8s
  430    20     0.0071    -0.0000    2.289     0.0093     0    0.8s
  440    20     0.0068    -0.0000    2.240     0.0092     0    0.9s
  450    20     0.0065    -0.0000    2.191     0.0091     0    0.8s
  460    20     0.0062    -0.0000    2.143     0.0090     0    0.8s
  470    20     0.0059    -0.0000    2.096     0.0088     0    0.8s
  480    20     0.0057    -0.0000    2.054     0.0087     0    0.8s
  490    20     0.0055    -0.0000    2.017     0.0086     0    0.8s
Traceback (most recent call last):
  File "/root/field_search.py", line 1137, in <module>
    main()
  File "/root/field_search.py", line 1133, in main
    train(args)
  File "/root/field_search.py", line 885, in train
    loss_grad_fn = compiled_fns[n_steps]
                   ~~~~~~~~~~~~^^^^^^^^^
KeyError: 516
