=== V23-F: Critical Gravity Phase 2 Redo ===

Mode: full  kappa=20.0  mass=1.000

========== STEP 1: EQUILIBRATION ==========


--- Equilibrating mu=-20 ---
  Equilibrate: mu=-20 Nx=4000 xmax=80 dx=0.04001 dt=0.020375 Nt=490791
    t=      0  phi0=+1.0000  pk=1.0000  E=+5.5764
    t=    500  phi0=-0.6770  pk=0.6770  E=+2.8849
    t=   1000  phi0=-0.4551  pk=0.4551  E=+2.2479
    t=   1500  phi0=-0.4515  pk=0.4515  E=+1.4128
    t=   2000  phi0=+0.4475  pk=0.4475  E=+1.3680
    t=   2500  phi0=+0.1198  pk=0.1198  E=+1.3466
    t=   3000  phi0=-0.4107  pk=0.4107  E=+1.3287
    t=   3500  phi0=-0.2359  pk=0.2359  E=+1.3185
    t=   4000  phi0=-0.1865  pk=0.1865  E=+1.3078
    t=   4500  phi0=-0.4517  pk=0.4517  E=+1.3008
    t=   5000  phi0=-0.4905  pk=0.4905  E=+1.2946
    t=   5500  phi0=-0.2915  pk=0.2915  E=+1.2922
    t=   6000  phi0=+0.4928  pk=0.4928  E=+1.2867
    t=   6500  phi0=-0.4741  pk=0.4741  E=+1.2832
    t=   7000  phi0=+0.2999  pk=0.2999  E=+1.2804
    t=   7500  phi0=-0.2655  pk=0.2655  E=+1.2784
    t=   8000  phi0=+0.4701  pk=0.4701  E=+1.2755
    t=   8500  phi0=-0.3758  pk=0.3758  E=+1.2734
    t=   9000  phi0=-0.1250  pk=0.1250  E=+1.2718
    t=   9500  phi0=+0.3853  pk=0.3853  E=+1.2698
    t=  10000  phi0=+0.3837  pk=0.3837  E=+1.2681
  Using saved peak snapshot: phi1(0)=0.484401
  omega=0.8850  A_peak=0.4844  E_total=1.2681
  Saved profile to data/profile_mu20.dat
  => omega=0.8850  E=1.2681  A=0.4844  alive=YES

--- Equilibrating mu=-14 ---
  Equilibrate: mu=-14 Nx=4000 xmax=80 dx=0.04001 dt=0.020375 Nt=490791
    t=      0  phi0=+1.0000  pk=1.0000  E=+6.4292
    t=    500  phi0=+0.0308  pk=0.0730  E=+5.2442
    t=   1000  phi0=+0.0300  pk=0.0669  E=+4.9143
    t=   1500  phi0=+0.0402  pk=0.0514  E=+4.8200
    t=   2000  phi0=+0.0782  pk=0.0858  E=+4.7655
    t=   2500  phi0=+0.2063  pk=0.2063  E=+4.7223
    t=   3000  phi0=+0.2307  pk=0.2307  E=+4.6820
    t=   3500  phi0=+0.3291  pk=0.3291  E=+4.6624
    t=   4000  phi0=+0.4185  pk=0.4185  E=+4.6303
    t=   4500  phi0=+0.4963  pk=0.4963  E=+4.6020
    t=   5000  phi0=+0.5570  pk=0.5570  E=+4.5871
    t=   5500  phi0=+0.6437  pk=0.6437  E=+4.5513
    t=   6000  phi0=+0.7019  pk=0.7037  E=+4.5119
    t=   6500  phi0=+0.7406  pk=0.7485  E=+4.4211
    t=   7000  phi0=+0.3671  pk=0.3716  E=+3.6591
    t=   7500  phi0=-0.7189  pk=0.7189  E=+3.0711
    t=   8000  phi0=+0.4387  pk=0.4459  E=+2.9915
    t=   8500  phi0=-0.0609  pk=0.0622  E=+2.9521
    t=   9000  phi0=-0.2848  pk=0.2955  E=+2.9286
    t=   9500  phi0=+0.5419  pk=0.5419  E=+2.9151
    t=  10000  phi0=-0.6864  pk=0.6864  E=+2.8983
  Using saved peak snapshot: phi1(0)=0.715156
  omega=0.8430  A_peak=0.7151  E_total=2.8985
  Saved profile to data/profile_mu14.dat
  => omega=0.8430  E=2.8985  A=0.7151  alive=YES

--- Equilibrating mu=-10 ---
  Equilibrate: mu=-10 Nx=4000 xmax=80 dx=0.04001 dt=0.020375 Nt=490791
    t=      0  phi0=+1.0000  pk=1.0000  E=+6.9978
    t=    500  phi0=+0.1570  pk=0.1615  E=+6.4347
    t=   1000  phi0=-0.5768  pk=0.5802  E=+6.0493
    t=   1500  phi0=-0.7611  pk=0.7611  E=+5.6178
    t=   2000  phi0=-0.5480  pk=0.5480  E=+5.2772
    t=   2500  phi0=-0.2131  pk=0.2131  E=+5.0696
    t=   3000  phi0=+0.2209  pk=0.2209  E=+4.9762
    t=   3500  phi0=+0.5604  pk=0.5604  E=+4.8957
    t=   4000  phi0=+0.7152  pk=0.7157  E=+4.8444
    t=   4500  phi0=+0.7057  pk=0.7057  E=+4.8092
    t=   5000  phi0=+0.4923  pk=0.4923  E=+4.7842
    t=   5500  phi0=+0.1568  pk=0.1568  E=+4.7611
    t=   6000  phi0=-0.2068  pk=0.2068  E=+4.7447
    t=   6500  phi0=-0.5215  pk=0.5215  E=+4.7326
    t=   7000  phi0=-0.7027  pk=0.7027  E=+4.7183
    t=   7500  phi0=-0.7222  pk=0.7222  E=+4.7114
    t=   8000  phi0=-0.5741  pk=0.5741  E=+4.7020
    t=   8500  phi0=-0.3077  pk=0.3077  E=+4.6941
    t=   9000  phi0=+0.0394  pk=0.0394  E=+4.6890
    t=   9500  phi0=+0.3807  pk=0.3807  E=+4.6834
    t=  10000  phi0=+0.6197  pk=0.6197  E=+4.6783
  Using saved peak snapshot: phi1(0)=0.731751
  omega=0.8910  A_peak=0.7320  E_total=4.6785
  Saved profile to data/profile_mu10.dat
  => omega=0.8910  E=4.6785  A=0.7320  alive=YES

--- Equilibrating mu=-8 ---
  Equilibrate: mu=-8 Nx=4000 xmax=80 dx=0.04001 dt=0.020375 Nt=490791
    t=      0  phi0=+1.0000  pk=1.0000  E=+7.2820
    t=    500  phi0=-0.5126  pk=0.5126  E=+6.7168
    t=   1000  phi0=-0.2295  pk=0.2334  E=+6.5114
    t=   1500  phi0=+0.7457  pk=0.7457  E=+6.3774
    t=   2000  phi0=-0.2378  pk=0.2389  E=+6.2718
    t=   2500  phi0=-0.6006  pk=0.6006  E=+6.1861
    t=   3000  phi0=+0.5569  pk=0.5580  E=+6.1347
    t=   3500  phi0=+0.3575  pk=0.3582  E=+6.0592
    t=   4000  phi0=-0.7171  pk=0.7171  E=+5.9843
    t=   4500  phi0=-0.0719  pk=0.0778  E=+5.9035
    t=   5000  phi0=+0.7461  pk=0.7461  E=+5.8104
    t=   5500  phi0=-0.1237  pk=0.1237  E=+5.7081
    t=   6000  phi0=-0.7229  pk=0.7229  E=+5.5995
    t=   6500  phi0=+0.1809  pk=0.1809  E=+5.4902
    t=   7000  phi0=+0.7120  pk=0.7120  E=+5.3868
    t=   7500  phi0=-0.1572  pk=0.1572  E=+5.2967
    t=   8000  phi0=-0.7278  pk=0.7278  E=+5.2174
    t=   8500  phi0=+0.0235  pk=0.0235  E=+5.1506
    t=   9000  phi0=+0.7234  pk=0.7234  E=+5.0971
    t=   9500  phi0=+0.1800  pk=0.1800  E=+5.0498
    t=  10000  phi0=-0.6571  pk=0.6571  E=+5.0120
  Using saved peak snapshot: phi1(0)=0.727220
  omega=0.9140  A_peak=0.7271  E_total=5.0124
  Saved profile to data/profile_mu8.dat
  => omega=0.9140  E=5.0124  A=0.7271  alive=YES

--- Equilibrating mu=-6 ---
  Equilibrate: mu=-6 Nx=4000 xmax=80 dx=0.04001 dt=0.020375 Nt=490791
    t=      0  phi0=+1.0000  pk=1.0000  E=+7.5663
    t=    500  phi0=-0.6989  pk=0.6989  E=+6.8816
    t=   1000  phi0=+0.6931  pk=0.6931  E=+6.6554
    t=   1500  phi0=-0.6946  pk=0.6946  E=+6.5272
    t=   2000  phi0=+0.7203  pk=0.7203  E=+6.4634
    t=   2500  phi0=-0.7265  pk=0.7265  E=+6.4063
    t=   3000  phi0=+0.7258  pk=0.7258  E=+6.3868
    t=   3500  phi0=-0.7159  pk=0.7159  E=+6.3670
    t=   4000  phi0=+0.6852  pk=0.6852  E=+6.3514
    t=   4500  phi0=-0.6617  pk=0.6617  E=+6.3426
    t=   5000  phi0=+0.6072  pk=0.6072  E=+6.3295
    t=   5500  phi0=-0.5624  pk=0.5624  E=+6.3249
    t=   6000  phi0=+0.4923  pk=0.4923  E=+6.3185
    t=   6500  phi0=-0.4358  pk=0.4358  E=+6.3121
    t=   7000  phi0=+0.3677  pk=0.3677  E=+6.3071
    t=   7500  phi0=-0.3009  pk=0.3009  E=+6.3031
    t=   8000  phi0=+0.2243  pk=0.2243  E=+6.2980
    t=   8500  phi0=-0.1352  pk=0.1352  E=+6.2939
    t=   9000  phi0=+0.0522  pk=0.0522  E=+6.2907
    t=   9500  phi0=+0.0402  pk=0.0409  E=+6.2858
    t=  10000  phi0=-0.1173  pk=0.1181  E=+6.2830
  Using saved peak snapshot: phi1(0)=0.733536
  omega=0.9360  A_peak=0.7334  E_total=6.2836
  Saved profile to data/profile_mu6.dat
  => omega=0.9360  E=6.2836  A=0.7334  alive=YES


========== EQUILIBRATION SUMMARY ==========

mu      omega     E_total     A_peak      xi_pred     alive
------  --------  ----------  ----------  ----------  -----
-20     0.8850    1.2681      0.4844      2.1478      YES  
-14     0.8430    2.8985      0.7151      1.8590      YES  
-10     0.8910    4.6785      0.7320      2.2026      YES  
-8      0.9140    5.0124      0.7271      2.4648      YES  
-6      0.9360    6.2836      0.7334      2.8409      YES  


========== STEP 2: TWO-OSCILLON INTERACTIONS ==========


--- mu=-20: interactions ---

  D=15:
    Interact: mu=-20 D=15 Nx=8000 xmax=200 dx=0.05001 dt=0.025465 Nt=196350
      t=      0  sep=16.0687  xR=8.0344  xL=-8.0344  E=2.5743
      t=    750  sep=45.1673  xR=22.5836  xL=-22.5836  E=1.6997
      t=   1500  sep=23.6450  xR=11.8225  xL=-11.8225  E=1.5043
      t=   2250  sep=19.6053  xR=9.8026  xL=-9.8026  E=1.4422
      t=   3000  sep=16.8486  xR=8.4243  xL=-8.4243  E=1.3999
      t=   3750  sep=16.2374  xR=8.1187  xL=-8.1187  E=1.3728
      t=   4500  sep=14.5065  xR=7.2532  xL=-7.2532  E=1.3570
    Fit: a=-2.1383 b=2.58e-01 c=-2.49e-04  => accel=-2.4932e-04
    F=-2.4932e-04  D_final=16.4799

  D=20:
    Interact: mu=-20 D=20 Nx=8000 xmax=200 dx=0.05001 dt=0.025465 Nt=196350
      t=      0  sep=20.8795  xR=10.4397  xL=-10.4397  E=2.5461
      t=    750  sep=56.7409  xR=28.3704  xL=-28.3705  E=2.0724
      t=   1500  sep=51.5712  xR=25.7855  xL=-25.7856  E=1.7152
      t=   2250  sep=37.8938  xR=18.9468  xL=-18.9470  E=1.5857
      t=   3000  sep=27.4445  xR=13.7222  xL=-13.7224  E=1.5175
      t=   3750  sep=22.4804  xR=11.2401  xL=-11.2403  E=1.4690
      t=   4500  sep=23.5473  xR=11.7736  xL=-11.7737  E=1.4429
    Fit: a=30.6245 b=-1.76e-01 c=4.31e-04  => accel=4.3141e-04
    F=4.3141e-04  D_final=22.3333

  D=25:
    Interact: mu=-20 D=25 Nx=8000 xmax=200 dx=0.05001 dt=0.025465 Nt=196350
      t=      0  sep=25.6850  xR=12.8425  xL=-12.8425  E=2.5220
      t=    750  sep=20.6224  xR=10.3112  xL=-10.3112  E=2.5185
      t=   1500  sep=51.2107  xR=25.6053  xL=-25.6054  E=1.7344
      t=   2250  sep=34.3533  xR=17.1762  xL=-17.1771  E=1.5744
      t=   3000  sep=28.7361  xR=14.3671  xL=-14.3690  E=1.4904
      t=   3750  sep=26.0147  xR=13.0061  xL=-13.0087  E=1.4489
      t=   4500  sep=19.9469  xR=9.9719  xL=-9.9750  E=1.4155
    Fit: a=25.5866 b=1.23e-03 c=-1.91e-05  => accel=-1.9107e-05
    F=-1.9107e-05  D_final=24.1837

  D=30:
    Interact: mu=-20 D=30 Nx=8000 xmax=200 dx=0.05001 dt=0.025465 Nt=196350
      t=      0  sep=30.5189  xR=15.2594  xL=-15.2594  E=2.4988
      t=    750  sep=25.5267  xR=12.7634  xL=-12.7634  E=2.4960
      t=   1500  sep=32.5469  xR=16.2735  xL=-16.2735  E=2.3191
      t=   2250  sep=55.1920  xR=27.5960  xL=-27.5960  E=2.1270
      t=   3000  sep=40.7005  xR=20.3502  xL=-20.3503  E=1.9102
      t=   3750  sep=34.7351  xR=17.3676  xL=-17.3676  E=1.8080
      t=   4500  sep=32.6161  xR=16.3080  xL=-16.3081  E=1.6785
    Fit: a=30.4844 b=5.25e-04 c=-8.51e-06  => accel=-8.5087e-06
    F=-8.5087e-06  D_final=34.3189

  D=40:
    Interact: mu=-20 D=40 Nx=8000 xmax=200 dx=0.05001 dt=0.025465 Nt=196350
      t=      0  sep=40.2772  xR=20.1386  xL=-20.1386  E=2.4519
      t=    750  sep=36.5082  xR=18.2541  xL=-18.2541  E=2.4445
      t=   1500  sep=20.1784  xR=10.0892  xL=-10.0892  E=2.4324
      t=   2250  sep=59.7206  xR=29.8603  xL=-29.8603  E=2.3111
      t=   3000  sep=71.1030  xR=35.5513  xL=-35.5517  E=2.2114
      t=   3750  sep=71.5162  xR=35.7580  xL=-35.7582  E=2.0504
      t=   4500  sep=68.8761  xR=34.4381  xL=-34.4380  E=1.9764
    Fit: a=40.2200 b=-7.89e-04 c=-4.86e-06  => accel=-4.8625e-06
    F=-4.8625e-06  D_final=69.8303

--- mu=-14: interactions ---

  D=15:
    Interact: mu=-14 D=15 Nx=8000 xmax=200 dx=0.05001 dt=0.025465 Nt=196350
      t=      0  sep=17.3622  xR=8.6811  xL=-8.6811  E=5.9763
      t=    750  sep=64.2004  xR=32.1002  xL=-32.1002  E=4.6511
      t=   1500  sep=37.7649  xR=18.8824  xL=-18.8824  E=3.6421
      t=   2250  sep=32.3295  xR=16.1647  xL=-16.1647  E=3.4923
      t=   3000  sep=30.0724  xR=15.0362  xL=-15.0362  E=3.3425
      t=   3750  sep=25.5163  xR=12.7581  xL=-12.7581  E=3.2547
      t=   4500  sep=23.3805  xR=11.6903  xL=-11.6903  E=3.1874
    Fit: a=13.1036 b=-1.08e-03 c=1.46e-04  => accel=1.4642e-04
    F=1.4642e-04  D_final=24.7383

  D=20:
    Interact: mu=-14 D=20 Nx=8000 xmax=200 dx=0.05001 dt=0.025465 Nt=196350
      t=      0  sep=21.9649  xR=10.9824  xL=-10.9824  E=5.9642
      t=    750  sep=56.4243  xR=28.2122  xL=-28.2122  E=4.8612
      t=   1500  sep=41.2513  xR=20.6257  xL=-20.6257  E=3.6015
      t=   2250  sep=27.5963  xR=13.7981  xL=-13.7981  E=3.4037
      t=   3000  sep=24.2598  xR=12.1299  xL=-12.1299  E=3.2647
      t=   3750  sep=19.7757  xR=9.8878  xL=-9.8878  E=3.1602
      t=   4500  sep=18.6896  xR=9.3448  xL=-9.3448  E=3.1003
    Fit: a=28.3929 b=-1.21e-01 c=2.66e-04  => accel=2.6553e-04
    F=2.6553e-04  D_final=19.8783

  D=25:
    Interact: mu=-14 D=25 Nx=8000 xmax=200 dx=0.05001 dt=0.025465 Nt=196350
      t=      0  sep=26.5891  xR=13.2946  xL=-13.2946  E=5.9767
      t=    750  sep=29.4757  xR=14.7379  xL=-14.7379  E=5.8211
      t=   1500  sep=53.2096  xR=26.6048  xL=-26.6048  E=3.9133
      t=   2250  sep=29.7109  xR=14.8555  xL=-14.8555  E=3.5451
      t=   3000  sep=29.5399  xR=14.7699  xL=-14.7699  E=3.4068
      t=   3750  sep=27.9871  xR=13.9936  xL=-13.9936  E=3.2814
      t=   4500  sep=25.6460  xR=12.8230  xL=-12.8230  E=3.1912
    Fit: a=26.2962 b=-2.81e-03 c=-2.72e-05  => accel=-2.7176e-05
    F=-2.7176e-05  D_final=27.9527

  D=30:
    Interact: mu=-14 D=30 Nx=8000 xmax=200 dx=0.05001 dt=0.025465 Nt=196350
      t=      0  sep=31.3100  xR=15.6550  xL=-15.6550  E=5.9884
      t=    750  sep=19.8973  xR=9.9487  xL=-9.9487  E=5.8859
      t=   1500  sep=63.4745  xR=31.7372  xL=-31.7372  E=4.4174
      t=   2250  sep=35.7934  xR=17.8967  xL=-17.8967  E=3.5404
      t=   3000  sep=29.5237  xR=14.7618  xL=-14.7618  E=3.3780
      t=   3750  sep=25.1110  xR=12.5555  xL=-12.5555  E=3.2427
      t=   4500  sep=19.2554  xR=9.6277  xL=-9.6277  E=3.1553
    Fit: a=31.3172 b=-8.35e-03 c=-1.04e-05  => accel=-1.0426e-05
    F=-1.0426e-05  D_final=24.5838

  D=40:
    Interact: mu=-14 D=40 Nx=8000 xmax=200 dx=0.05001 dt=0.025465 Nt=196350
      t=      0  sep=40.9314  xR=20.4657  xL=-20.4657  E=5.9760
      t=    750  sep=43.2186  xR=21.6093  xL=-21.6093  E=5.8795
      t=   1500  sep=49.6683  xR=24.8342  xL=-24.8342  E=5.8105
      t=   2250  sep=56.7307  xR=28.3654  xL=-28.3654  E=5.7679
      t=   3000  sep=63.3623  xR=31.6811  xL=-31.6811  E=5.7304
      t=   3750  sep=70.1748  xR=35.0874  xL=-35.0874  E=5.6985
      t=   4500  sep=77.2440  xR=38.6220  xL=-38.6220  E=5.6642
    Fit: a=41.2900 b=-7.70e-03 c=1.34e-05  => accel=1.3440e-05
    F=1.3440e-05  D_final=70.8275

--- mu=-10: interactions ---

  D=15:
    Interact: mu=-10 D=15 Nx=8000 xmax=200 dx=0.05001 dt=0.025465 Nt=196350
      t=      0  sep=15.1471  xR=7.5735  xL=-7.5735  E=10.0021
      t=    750  sep=11.0329  xR=5.5164  xL=-5.5164  E=9.3020
      t=   1500  sep=11.2661  xR=5.6331  xL=-5.6331  E=8.8161
      t=   2250  sep=11.8075  xR=5.9037  xL=-5.9037  E=8.4215
      t=   3000  sep=9.6116  xR=4.8058  xL=-4.8058  E=8.0837
      t=   3750  sep=10.6579  xR=5.3290  xL=-5.3290  E=7.7849
      t=   4500  sep=11.4519  xR=5.7260  xL=-5.7260  E=7.5082
    Fit: a=10.4713 b=2.10e-02 c=-3.45e-05  => accel=-3.4493e-05
    F=-3.4493e-05  D_final=9.0967

  D=20:
    Interact: mu=-10 D=20 Nx=8000 xmax=200 dx=0.05001 dt=0.025465 Nt=196350
      t=      0  sep=20.1509  xR=10.0754  xL=-10.0754  E=9.8621
      t=    750  sep=12.8183  xR=6.4091  xL=-6.4091  E=9.2662
      t=   1500  sep=12.1782  xR=6.0891  xL=-6.0891  E=8.7747
      t=   2250  sep=11.7566  xR=5.8783  xL=-5.8783  E=8.4134
      t=   3000  sep=10.5038  xR=5.2519  xL=-5.2519  E=8.1070
      t=   3750  sep=10.8112  xR=5.4056  xL=-5.4056  E=7.8211
      t=   4500  sep=10.7393  xR=5.3696  xL=-5.3696  E=7.5629
    Fit: a=23.0100 b=-7.25e-02 c=1.22e-04  => accel=1.2200e-04
    F=1.2200e-04  D_final=8.8288

  D=25:
    Interact: mu=-10 D=25 Nx=8000 xmax=200 dx=0.05001 dt=0.025465 Nt=196350
      t=      0  sep=25.0815  xR=12.5408  xL=-12.5408  E=9.7881
      t=    750  sep=15.4775  xR=7.7388  xL=-7.7388  E=9.6633
      t=   1500  sep=8.5043  xR=4.2522  xL=-4.2522  E=8.8815
      t=   2250  sep=6.8709  xR=3.4354  xL=-3.4354  E=8.4948
      t=   3000  sep=11.5533  xR=5.7766  xL=-5.7766  E=8.1948
      t=   3750  sep=11.0918  xR=5.5459  xL=-5.5459  E=7.9048
      t=   4500  sep=9.4034  xR=4.7017  xL=-4.7017  E=7.6306
    Fit: a=25.0980 b=2.40e-03 c=-2.19e-05  => accel=-2.1867e-05
    F=-2.1867e-05  D_final=8.4444

  D=30:
    Interact: mu=-10 D=30 Nx=8000 xmax=200 dx=0.05001 dt=0.025465 Nt=196350
      t=      0  sep=30.0211  xR=15.0106  xL=-15.0106  E=9.6810
      t=    750  sep=30.9270  xR=15.4635  xL=-15.4635  E=9.5940
      t=   1500  sep=29.5990  xR=14.7995  xL=-14.7995  E=9.5014
      t=   2250  sep=30.7885  xR=15.3942  xL=-15.3942  E=9.4524
      t=   3000  sep=28.8744  xR=14.4372  xL=-14.4372  E=9.4170
      t=   3750  sep=26.5090  xR=13.2545  xL=-13.2545  E=9.3915
      t=   4500  sep=10.0412  xR=5.0206  xL=-5.0206  E=9.3753
    Fit: a=30.1093 b=-1.06e-03 c=6.05e-07  => accel=6.0506e-07
    F=6.0506e-07  D_final=26.0909

  D=40:
    Interact: mu=-10 D=40 Nx=8000 xmax=200 dx=0.05001 dt=0.025465 Nt=196350
      t=      0  sep=39.9791  xR=19.9896  xL=-19.9896  E=9.4618
      t=    750  sep=40.1458  xR=20.0729  xL=-20.0729  E=9.4351
      t=   1500  sep=40.8959  xR=20.4480  xL=-20.4480  E=9.3963
      t=   2250  sep=40.6203  xR=20.3102  xL=-20.3102  E=9.3666
      t=   3000  sep=40.1680  xR=20.0840  xL=-20.0840  E=9.3483
      t=   3750  sep=40.4980  xR=20.2490  xL=-20.2490  E=9.3370
      t=   4500  sep=40.7156  xR=20.3578  xL=-20.3578  E=9.3214
    Fit: a=39.9844 b=-7.73e-04 c=8.09e-07  => accel=8.0880e-07
    F=8.0880e-07  D_final=40.5358

--- mu=-8: interactions ---

  D=15:
    Interact: mu=-8 D=15 Nx=8000 xmax=200 dx=0.05001 dt=0.025465 Nt=196350
      t=      0  sep=14.8765  xR=7.4382  xL=-7.4382  E=10.2198
      t=    750  sep=13.8751  xR=6.9375  xL=-6.9375  E=9.7093
      t=   1500  sep=9.9619  xR=4.9810  xL=-4.9810  E=9.3532
      t=   2250  sep=11.2062  xR=5.6031  xL=-5.6031  E=9.0397
      t=   3000  sep=13.0170  xR=6.5085  xL=-6.5085  E=8.8710
      t=   3750  sep=20.0849  xR=10.0424  xL=-10.0424  E=8.8346
      t=   4500  sep=22.0960  xR=11.0480  xL=-11.0480  E=8.7382
    Fit: a=10.7444 b=7.63e-03 c=1.75e-06  => accel=1.7522e-06
    F=1.7522e-06  D_final=20.4789

  D=20:
    Interact: mu=-8 D=20 Nx=8000 xmax=200 dx=0.05001 dt=0.025465 Nt=196350
      t=      0  sep=20.0411  xR=10.0205  xL=-10.0205  E=9.8422
      t=    750  sep=16.5172  xR=8.2586  xL=-8.2586  E=9.4185
      t=   1500  sep=12.0724  xR=6.0362  xL=-6.0362  E=8.8912
      t=   2250  sep=21.4971  xR=10.7485  xL=-10.7485  E=8.6759
      t=   3000  sep=26.0855  xR=13.0428  xL=-13.0428  E=8.4163
      t=   3750  sep=21.6583  xR=10.8292  xL=-10.8292  E=8.1559
      t=   4500  sep=17.3340  xR=8.6670  xL=-8.6670  E=7.9578
    Fit: a=23.4749 b=-8.92e-02 c=1.62e-04  => accel=1.6246e-04
    F=1.6246e-04  D_final=21.0407

  D=25:
    Interact: mu=-8 D=25 Nx=8000 xmax=200 dx=0.05001 dt=0.025465 Nt=196350
      t=      0  sep=25.0995  xR=12.5498  xL=-12.5498  E=9.7599
      t=    750  sep=15.0129  xR=7.5065  xL=-7.5065  E=9.6597
      t=   1500  sep=11.1457  xR=5.5729  xL=-5.5729  E=8.9380
      t=   2250  sep=19.4504  xR=9.7252  xL=-9.7252  E=8.6561
      t=   3000  sep=27.1349  xR=13.5675  xL=-13.5675  E=8.4149
      t=   3750  sep=23.8663  xR=11.9331  xL=-11.9331  E=8.1053
      t=   4500  sep=18.6258  xR=9.3129  xL=-9.3129  E=7.8872
    Fit: a=23.7240 b=2.56e-02 c=-1.04e-04  => accel=-1.0427e-04
    F=-1.0427e-04  D_final=23.4033

  D=30:
    Interact: mu=-8 D=30 Nx=8000 xmax=200 dx=0.05001 dt=0.025465 Nt=196350
      t=      0  sep=30.1212  xR=15.0606  xL=-15.0606  E=9.7859
      t=    750  sep=24.8471  xR=12.4236  xL=-12.4236  E=9.7349
      t=   1500  sep=20.3704  xR=10.1852  xL=-10.1852  E=9.5094
      t=   2250  sep=12.8049  xR=6.4024  xL=-6.4024  E=8.8673
      t=   3000  sep=22.1071  xR=11.0535  xL=-11.0535  E=8.6211
      t=   3750  sep=27.2520  xR=13.6260  xL=-13.6260  E=8.3360
      t=   4500  sep=22.8395  xR=11.4198  xL=-11.4198  E=8.0565
    Fit: a=30.1809 b=-2.46e-03 c=-6.84e-06  => accel=-6.8350e-06
    F=-6.8350e-06  D_final=26.8654

  D=40:
    Interact: mu=-8 D=40 Nx=8000 xmax=200 dx=0.05001 dt=0.025465 Nt=196350
      t=      0  sep=40.0989  xR=20.0495  xL=-20.0495  E=9.9799
      t=    750  sep=37.6756  xR=18.8378  xL=-18.8378  E=9.9008
      t=   1500  sep=40.0354  xR=20.0177  xL=-20.0177  E=9.8753
      t=   2250  sep=43.5247  xR=21.7623  xL=-21.7623  E=9.8025
      t=   3000  sep=48.1240  xR=24.0620  xL=-24.0620  E=9.7546
      t=   3750  sep=52.9124  xR=26.4562  xL=-26.4562  E=9.7161
      t=   4500  sep=57.6727  xR=28.8363  xL=-28.8363  E=9.6822
    Fit: a=40.0224 b=-1.30e-04 c=-4.39e-06  => accel=-4.3904e-06
    F=-4.3904e-06  D_final=53.2706

--- mu=-6: interactions ---

  D=15:
    Interact: mu=-6 D=15 Nx=8000 xmax=200 dx=0.05001 dt=0.025465 Nt=196350
      t=      0  sep=14.7867  xR=7.3934  xL=-7.3934  E=13.8784
      t=    750  sep=12.2910  xR=6.1455  xL=-6.1455  E=13.6452
      t=   1500  sep=8.0701  xR=4.0350  xL=-4.0350  E=13.5594
      t=   2250  sep=14.0363  xR=7.0182  xL=-7.0182  E=13.4923
      t=   3000  sep=7.1935  xR=3.5967  xL=-3.5967  E=13.4522
      t=   3750  sep=12.9682  xR=6.4841  xL=-6.4841  E=13.4174
      t=   4500  sep=8.1455  xR=4.0727  xL=-4.0727  E=13.3877
    Fit: a=11.0613 b=8.60e-03 c=-1.12e-06  => accel=-1.1182e-06
    F=-1.1182e-06  D_final=6.7248

  D=20:
    Interact: mu=-6 D=20 Nx=8000 xmax=200 dx=0.05001 dt=0.025465 Nt=196350
      t=      0  sep=19.9816  xR=9.9908  xL=-9.9908  E=13.2560
      t=    750  sep=13.3809  xR=6.6904  xL=-6.6904  E=12.9743
      t=   1500  sep=8.1657  xR=4.0828  xL=-4.0828  E=12.6814
      t=   2250  sep=11.2926  xR=5.6463  xL=-5.6463  E=12.5881
      t=   3000  sep=12.9417  xR=6.4708  xL=-6.4708  E=12.4901
      t=   3750  sep=12.9084  xR=6.4542  xL=-6.4542  E=12.4042
      t=   4500  sep=11.8191  xR=5.9096  xL=-5.9096  E=12.3247
    Fit: a=19.7628 b=-6.06e-02 c=1.18e-04  => accel=1.1785e-04
    F=1.1785e-04  D_final=10.8427

  D=25:
    Interact: mu=-6 D=25 Nx=8000 xmax=200 dx=0.05001 dt=0.025465 Nt=196350
      t=      0  sep=25.0373  xR=12.5186  xL=-12.5186  E=13.1231
      t=    750  sep=17.7662  xR=8.8831  xL=-8.8831  E=12.9792
      t=   1500  sep=9.9749  xR=4.9874  xL=-4.9874  E=12.5710
      t=   2250  sep=8.0158  xR=4.0079  xL=-4.0079  E=12.4406
      t=   3000  sep=7.6951  xR=3.8475  xL=-3.8475  E=12.2965
      t=   3750  sep=8.2510  xR=4.1255  xL=-4.1255  E=12.1964
      t=   4500  sep=10.7343  xR=5.3672  xL=-5.3672  E=12.1421
    Fit: a=27.2710 b=-3.19e-02 c=-1.01e-05  => accel=-1.0073e-05
    F=-1.0073e-05  D_final=9.2290

  D=30:
    Interact: mu=-6 D=30 Nx=8000 xmax=200 dx=0.05001 dt=0.025465 Nt=196350
      t=      0  sep=30.0071  xR=15.0035  xL=-15.0035  E=13.0797
      t=    750  sep=26.2513  xR=13.1257  xL=-13.1257  E=13.0743
      t=   1500  sep=12.4780  xR=6.2390  xL=-6.2390  E=12.8600
      t=   2250  sep=10.3421  xR=5.1711  xL=-5.1711  E=12.4782
      t=   3000  sep=10.0511  xR=5.0256  xL=-5.0256  E=12.3364
      t=   3750  sep=7.6485  xR=3.8243  xL=-3.8243  E=12.1920
      t=   4500  sep=7.4612  xR=3.7306  xL=-3.7306  E=12.1189
    Fit: a=29.9871 b=3.71e-03 c=-1.03e-05  => accel=-1.0349e-05
    F=-1.0349e-05  D_final=12.7721

  D=40:
    Interact: mu=-6 D=40 Nx=8000 xmax=200 dx=0.05001 dt=0.025465 Nt=196350
      t=      0  sep=39.9160  xR=19.9580  xL=-19.9580  E=12.9012
      t=    750  sep=44.0953  xR=22.0476  xL=-22.0476  E=12.8965
      t=   1500  sep=48.7534  xR=24.3767  xL=-24.3767  E=12.8966
      t=   2250  sep=53.6386  xR=26.8193  xL=-26.8193  E=12.8912
      t=   3000  sep=58.7442  xR=29.3721  xL=-29.3721  E=12.8913
      t=   3750  sep=64.0495  xR=32.0248  xL=-32.0248  E=12.8897
      t=   4500  sep=69.4090  xR=34.7045  xL=-34.7045  E=12.8885
    Fit: a=39.9145 b=5.26e-03 c=4.15e-07  => accel=4.1544e-07
    F=4.1544e-07  D_final=64.5497


========== STEP 3: YUKAWA FITS ==========

mu      omega     xi_pred     lambda      F0          ratio       sign      
------  --------  ----------  ----------  ----------  ----------  ----------
-20     0.8850    2.1478      5.3351      5.0397e-03  2.4840      attract   
  F(D): D=15:-2.49e-04  D=20:4.31e-04  D=25:-1.91e-05  D=30:-8.51e-06  D=40:-4.86e-06  
-14     0.8430    1.8590      8.0626      1.0829e-03  4.3370      repuls    
  F(D): D=15:1.46e-04  D=20:2.66e-04  D=25:-2.72e-05  D=30:-1.04e-05  D=40:1.34e-05  
-10     0.8910    2.2026      4.8788      1.7584e-03  2.2150      repuls    
  F(D): D=15:-3.45e-05  D=20:1.22e-04  D=25:-2.19e-05  D=30:6.05e-07  D=40:8.09e-07  
-8      0.9140    2.4648      28.5511     3.8498e-05  11.5836     attract   
  F(D): D=15:1.75e-06  D=20:1.62e-04  D=25:-1.04e-04  D=30:-6.84e-06  D=40:-4.39e-06  
-6      0.9360    2.8409      10.5395     6.6474e-05  3.7099      attract   
  F(D): D=15:-1.12e-06  D=20:1.18e-04  D=25:-1.01e-05  D=30:-1.03e-05  D=40:4.15e-07  

=== Done ===
